mode: set
flomation.app/automate/api/internal/connector/launch/connector.go:26.53,33.2 1 1
flomation.app/automate/api/internal/connector/launch/connector.go:35.110,43.25 2 1
flomation.app/automate/api/internal/connector/launch/connector.go:43.25,45.3 1 1
flomation.app/automate/api/internal/connector/launch/connector.go:47.2,48.16 2 1
flomation.app/automate/api/internal/connector/launch/connector.go:48.16,50.3 1 0
flomation.app/automate/api/internal/connector/launch/connector.go:52.2,54.16 3 1
flomation.app/automate/api/internal/connector/launch/connector.go:54.16,56.3 1 0
flomation.app/automate/api/internal/connector/launch/connector.go:58.2,59.21 2 1
flomation.app/automate/api/internal/connector/launch/connector.go:59.21,61.3 1 1
flomation.app/automate/api/internal/connector/launch/connector.go:63.2,64.16 2 1
flomation.app/automate/api/internal/connector/launch/connector.go:64.16,66.3 1 1
flomation.app/automate/api/internal/connector/launch/connector.go:68.2,68.15 1 1
flomation.app/automate/api/internal/connector/launch/connector.go:68.15,69.23 1 1
flomation.app/automate/api/internal/connector/launch/connector.go:69.23,71.4 1 1
flomation.app/automate/api/internal/connector/launch/connector.go:74.2,74.52 1 1
flomation.app/automate/api/internal/connector/launch/connector.go:74.52,76.3 1 1
flomation.app/automate/api/internal/connector/launch/connector.go:78.2,78.12 1 1
flomation.app/automate/api/internal/connector/launch/connector.go:81.71,84.16 3 1
flomation.app/automate/api/internal/connector/launch/connector.go:84.16,86.3 1 0
flomation.app/automate/api/internal/connector/launch/connector.go:88.2,88.21 1 1
flomation.app/automate/api/internal/connector/launch/connector.go:88.21,90.3 1 1
flomation.app/automate/api/internal/connector/launch/connector.go:92.2,93.16 2 1
flomation.app/automate/api/internal/connector/launch/connector.go:93.16,95.3 1 1
flomation.app/automate/api/internal/connector/launch/connector.go:97.2,97.15 1 1
flomation.app/automate/api/internal/connector/launch/connector.go:97.15,98.23 1 1
flomation.app/automate/api/internal/connector/launch/connector.go:98.23,100.4 1 1
flomation.app/automate/api/internal/connector/launch/connector.go:103.2,103.52 1 1
flomation.app/automate/api/internal/connector/launch/connector.go:103.52,105.3 1 1
flomation.app/automate/api/internal/connector/launch/connector.go:107.2,111.12 2 1
flomation.app/automate/api/internal/http/action.go:39.64,41.21 2 0
flomation.app/automate/api/internal/http/action.go:41.21,43.3 1 0
flomation.app/automate/api/internal/http/action.go:44.2,45.9 2 0
flomation.app/automate/api/internal/http/action.go:45.9,47.3 1 0
flomation.app/automate/api/internal/http/action.go:50.2,50.21 1 0
flomation.app/automate/api/internal/http/action.go:50.21,52.50 2 0
flomation.app/automate/api/internal/http/action.go:52.50,57.4 4 0
flomation.app/automate/api/internal/http/action.go:57.9,61.4 2 0
flomation.app/automate/api/internal/http/action.go:64.2,64.13 1 0
flomation.app/automate/api/internal/http/action.go:67.46,69.16 2 0
flomation.app/automate/api/internal/http/action.go:69.16,75.3 3 0
flomation.app/automate/api/internal/http/action.go:77.2,79.28 2 0
flomation.app/automate/api/internal/http/action.go:79.28,82.22 2 0
flomation.app/automate/api/internal/http/action.go:82.22,84.69 2 0
flomation.app/automate/api/internal/http/action.go:84.69,90.5 3 0
flomation.app/automate/api/internal/http/action.go:91.4,91.21 1 0
flomation.app/automate/api/internal/http/action.go:94.3,94.23 1 0
flomation.app/automate/api/internal/http/action.go:94.23,96.71 2 0
flomation.app/automate/api/internal/http/action.go:96.71,102.5 3 0
flomation.app/automate/api/internal/http/action.go:103.4,103.23 1 0
flomation.app/automate/api/internal/http/action.go:106.3,107.27 2 0
flomation.app/automate/api/internal/http/action.go:110.2,110.38 1 0
flomation.app/automate/api/internal/http/dashboard.go:10.52,14.33 3 0
flomation.app/automate/api/internal/http/dashboard.go:14.33,16.3 1 0
flomation.app/automate/api/internal/http/dashboard.go:18.2,19.16 2 0
flomation.app/automate/api/internal/http/dashboard.go:19.16,25.3 3 0
flomation.app/automate/api/internal/http/dashboard.go:27.2,27.22 1 0
flomation.app/automate/api/internal/http/dashboard.go:27.22,30.3 2 0
flomation.app/automate/api/internal/http/dashboard.go:32.2,32.34 1 0
flomation.app/automate/api/internal/http/environment.go:20.81,25.36 4 1
flomation.app/automate/api/internal/http/environment.go:25.36,32.3 3 0
flomation.app/automate/api/internal/http/environment.go:34.2,35.30 2 1
flomation.app/automate/api/internal/http/environment.go:35.30,42.3 3 0
flomation.app/automate/api/internal/http/environment.go:44.2,44.30 1 1
flomation.app/automate/api/internal/http/environment.go:44.30,50.3 3 1
flomation.app/automate/api/internal/http/environment.go:56.2,57.56 2 1
flomation.app/automate/api/internal/http/environment.go:57.56,59.17 2 1
flomation.app/automate/api/internal/http/environment.go:59.17,63.4 3 0
flomation.app/automate/api/internal/http/environment.go:64.8,67.18 2 0
flomation.app/automate/api/internal/http/environment.go:67.18,70.4 2 0
flomation.app/automate/api/internal/http/environment.go:71.3,72.34 2 0
flomation.app/automate/api/internal/http/environment.go:72.34,74.4 1 0
flomation.app/automate/api/internal/http/environment.go:75.3,76.17 2 0
flomation.app/automate/api/internal/http/environment.go:76.17,80.4 3 0
flomation.app/automate/api/internal/http/environment.go:83.2,83.16 1 1
flomation.app/automate/api/internal/http/environment.go:83.16,86.3 2 0
flomation.app/automate/api/internal/http/environment.go:89.2,89.34 1 1
flomation.app/automate/api/internal/http/environment.go:89.34,98.3 3 1
flomation.app/automate/api/internal/http/environment.go:100.2,100.12 1 1
flomation.app/automate/api/internal/http/environment.go:103.59,105.16 2 1
flomation.app/automate/api/internal/http/environment.go:105.16,107.3 1 1
flomation.app/automate/api/internal/http/environment.go:109.2,109.28 1 1
flomation.app/automate/api/internal/http/environment.go:112.67,114.16 2 1
flomation.app/automate/api/internal/http/environment.go:114.16,116.3 1 1
flomation.app/automate/api/internal/http/environment.go:118.2,121.16 3 1
flomation.app/automate/api/internal/http/environment.go:121.16,127.3 3 0
flomation.app/automate/api/internal/http/environment.go:129.2,129.17 1 1
flomation.app/automate/api/internal/http/environment.go:129.17,132.3 2 0
flomation.app/automate/api/internal/http/environment.go:134.2,134.29 1 1
flomation.app/automate/api/internal/http/environment.go:137.65,139.16 2 1
flomation.app/automate/api/internal/http/environment.go:139.16,141.3 1 1
flomation.app/automate/api/internal/http/environment.go:143.2,146.16 3 1
flomation.app/automate/api/internal/http/environment.go:146.16,152.3 3 0
flomation.app/automate/api/internal/http/environment.go:154.2,154.17 1 1
flomation.app/automate/api/internal/http/environment.go:154.17,157.3 2 0
flomation.app/automate/api/internal/http/environment.go:160.2,162.29 2 1
flomation.app/automate/api/internal/http/environment.go:165.51,168.33 3 0
flomation.app/automate/api/internal/http/environment.go:168.33,170.3 1 0
flomation.app/automate/api/internal/http/environment.go:172.2,173.16 2 0
flomation.app/automate/api/internal/http/environment.go:173.16,179.3 3 0
flomation.app/automate/api/internal/http/environment.go:181.2,181.20 1 0
flomation.app/automate/api/internal/http/environment.go:181.20,184.3 2 0
flomation.app/automate/api/internal/http/environment.go:186.2,186.29 1 0
flomation.app/automate/api/internal/http/environment.go:189.54,192.17 3 0
flomation.app/automate/api/internal/http/environment.go:192.17,195.3 2 0
flomation.app/automate/api/internal/http/environment.go:197.2,198.33 2 0
flomation.app/automate/api/internal/http/environment.go:198.33,200.3 1 0
flomation.app/automate/api/internal/http/environment.go:202.2,203.42 2 0
flomation.app/automate/api/internal/http/environment.go:203.42,205.17 2 0
flomation.app/automate/api/internal/http/environment.go:205.17,211.4 3 0
flomation.app/automate/api/internal/http/environment.go:212.8,214.17 2 0
flomation.app/automate/api/internal/http/environment.go:214.17,220.4 3 0
flomation.app/automate/api/internal/http/environment.go:223.2,223.16 1 0
flomation.app/automate/api/internal/http/environment.go:223.16,226.3 2 0
flomation.app/automate/api/internal/http/environment.go:228.2,228.50 1 0
flomation.app/automate/api/internal/http/environment.go:228.50,231.3 2 0
flomation.app/automate/api/internal/http/environment.go:233.2,233.28 1 0
flomation.app/automate/api/internal/http/environment.go:236.53,237.51 1 0
flomation.app/automate/api/internal/http/environment.go:237.51,239.3 1 0
flomation.app/automate/api/internal/http/environment.go:241.2,243.33 3 0
flomation.app/automate/api/internal/http/environment.go:243.33,245.3 1 0
flomation.app/automate/api/internal/http/environment.go:247.2,248.41 2 0
flomation.app/automate/api/internal/http/environment.go:248.41,254.3 3 0
flomation.app/automate/api/internal/http/environment.go:256.2,261.16 5 0
flomation.app/automate/api/internal/http/environment.go:261.16,267.3 3 0
flomation.app/automate/api/internal/http/environment.go:269.2,270.16 2 0
flomation.app/automate/api/internal/http/environment.go:270.16,276.3 3 0
flomation.app/automate/api/internal/http/environment.go:278.2,278.35 1 0
flomation.app/automate/api/internal/http/environment.go:281.53,282.51 1 0
flomation.app/automate/api/internal/http/environment.go:282.51,284.3 1 0
flomation.app/automate/api/internal/http/environment.go:286.2,289.33 4 0
flomation.app/automate/api/internal/http/environment.go:289.33,291.3 1 0
flomation.app/automate/api/internal/http/environment.go:293.2,294.16 2 0
flomation.app/automate/api/internal/http/environment.go:294.16,300.3 3 0
flomation.app/automate/api/internal/http/environment.go:302.2,302.16 1 0
flomation.app/automate/api/internal/http/environment.go:302.16,305.3 2 0
flomation.app/automate/api/internal/http/environment.go:307.2,307.64 1 0
flomation.app/automate/api/internal/http/environment.go:307.64,313.3 3 0
flomation.app/automate/api/internal/http/environment.go:315.2,315.25 1 0
flomation.app/automate/api/internal/http/environment.go:318.57,322.33 4 0
flomation.app/automate/api/internal/http/environment.go:322.33,324.3 1 0
flomation.app/automate/api/internal/http/environment.go:326.2,327.16 2 0
flomation.app/automate/api/internal/http/environment.go:327.16,333.3 3 0
flomation.app/automate/api/internal/http/environment.go:335.2,335.16 1 0
flomation.app/automate/api/internal/http/environment.go:335.16,338.3 2 0
flomation.app/automate/api/internal/http/environment.go:340.2,341.16 2 0
flomation.app/automate/api/internal/http/environment.go:341.16,347.3 3 0
flomation.app/automate/api/internal/http/environment.go:349.2,349.21 1 0
flomation.app/automate/api/internal/http/environment.go:349.21,352.3 2 0
flomation.app/automate/api/internal/http/environment.go:354.2,354.30 1 0
flomation.app/automate/api/internal/http/environment.go:357.60,361.33 4 0
flomation.app/automate/api/internal/http/environment.go:361.33,363.3 1 0
flomation.app/automate/api/internal/http/environment.go:365.2,366.16 2 0
flomation.app/automate/api/internal/http/environment.go:366.16,372.3 3 0
flomation.app/automate/api/internal/http/environment.go:374.2,374.16 1 0
flomation.app/automate/api/internal/http/environment.go:374.16,377.3 2 0
flomation.app/automate/api/internal/http/environment.go:379.2,380.16 2 0
flomation.app/automate/api/internal/http/environment.go:380.16,386.3 3 0
flomation.app/automate/api/internal/http/environment.go:388.2,388.21 1 0
flomation.app/automate/api/internal/http/environment.go:388.21,391.3 2 0
flomation.app/automate/api/internal/http/environment.go:393.2,393.30 1 0
flomation.app/automate/api/internal/http/environment.go:396.62,400.33 4 0
flomation.app/automate/api/internal/http/environment.go:400.33,402.3 1 0
flomation.app/automate/api/internal/http/environment.go:404.2,405.16 2 0
flomation.app/automate/api/internal/http/environment.go:405.16,411.3 3 0
flomation.app/automate/api/internal/http/environment.go:413.2,413.16 1 0
flomation.app/automate/api/internal/http/environment.go:413.16,416.3 2 0
flomation.app/automate/api/internal/http/environment.go:418.2,421.16 3 0
flomation.app/automate/api/internal/http/environment.go:421.16,427.3 3 0
flomation.app/automate/api/internal/http/environment.go:429.2,429.17 1 0
flomation.app/automate/api/internal/http/environment.go:429.17,432.3 2 0
flomation.app/automate/api/internal/http/environment.go:434.2,437.16 3 0
flomation.app/automate/api/internal/http/environment.go:437.16,443.3 3 0
flomation.app/automate/api/internal/http/environment.go:445.2,445.13 1 0
flomation.app/automate/api/internal/http/environment.go:445.13,447.3 1 0
flomation.app/automate/api/internal/http/environment.go:449.2,449.29 1 0
flomation.app/automate/api/internal/http/environment.go:452.64,456.33 4 0
flomation.app/automate/api/internal/http/environment.go:456.33,458.3 1 0
flomation.app/automate/api/internal/http/environment.go:460.2,461.16 2 0
flomation.app/automate/api/internal/http/environment.go:461.16,467.3 3 0
flomation.app/automate/api/internal/http/environment.go:469.2,469.16 1 0
flomation.app/automate/api/internal/http/environment.go:469.16,472.3 2 0
flomation.app/automate/api/internal/http/environment.go:474.2,477.16 3 0
flomation.app/automate/api/internal/http/environment.go:477.16,483.3 3 0
flomation.app/automate/api/internal/http/environment.go:485.2,485.17 1 0
flomation.app/automate/api/internal/http/environment.go:485.17,488.3 2 0
flomation.app/automate/api/internal/http/environment.go:490.2,490.29 1 0
flomation.app/automate/api/internal/http/environment.go:493.59,494.51 1 0
flomation.app/automate/api/internal/http/environment.go:494.51,496.3 1 0
flomation.app/automate/api/internal/http/environment.go:498.2,501.33 4 0
flomation.app/automate/api/internal/http/environment.go:501.33,503.3 1 0
flomation.app/automate/api/internal/http/environment.go:505.2,506.16 2 0
flomation.app/automate/api/internal/http/environment.go:506.16,512.3 3 0
flomation.app/automate/api/internal/http/environment.go:514.2,514.16 1 0
flomation.app/automate/api/internal/http/environment.go:514.16,517.3 2 0
flomation.app/automate/api/internal/http/environment.go:519.2,520.46 2 0
flomation.app/automate/api/internal/http/environment.go:520.46,526.3 3 0
flomation.app/automate/api/internal/http/environment.go:528.2,531.16 3 0
flomation.app/automate/api/internal/http/environment.go:531.16,537.3 3 0
flomation.app/automate/api/internal/http/environment.go:539.2,539.30 1 0
flomation.app/automate/api/internal/http/environment.go:542.61,543.51 1 0
flomation.app/automate/api/internal/http/environment.go:543.51,545.3 1 0
flomation.app/automate/api/internal/http/environment.go:547.2,550.33 4 0
flomation.app/automate/api/internal/http/environment.go:550.33,552.3 1 0
flomation.app/automate/api/internal/http/environment.go:554.2,555.16 2 0
flomation.app/automate/api/internal/http/environment.go:555.16,561.3 3 0
flomation.app/automate/api/internal/http/environment.go:563.2,563.16 1 0
flomation.app/automate/api/internal/http/environment.go:563.16,566.3 2 0
flomation.app/automate/api/internal/http/environment.go:568.2,569.46 2 0
flomation.app/automate/api/internal/http/environment.go:569.46,575.3 3 0
flomation.app/automate/api/internal/http/environment.go:577.2,578.16 2 0
flomation.app/automate/api/internal/http/environment.go:578.16,584.3 3 0
flomation.app/automate/api/internal/http/environment.go:586.2,586.30 1 0
flomation.app/automate/api/internal/http/environment.go:589.63,590.51 1 0
flomation.app/automate/api/internal/http/environment.go:590.51,592.3 1 0
flomation.app/automate/api/internal/http/environment.go:594.2,597.33 4 0
flomation.app/automate/api/internal/http/environment.go:597.33,599.3 1 0
flomation.app/automate/api/internal/http/environment.go:601.2,602.16 2 0
flomation.app/automate/api/internal/http/environment.go:602.16,606.3 3 0
flomation.app/automate/api/internal/http/environment.go:608.2,608.16 1 0
flomation.app/automate/api/internal/http/environment.go:608.16,611.3 2 0
flomation.app/automate/api/internal/http/environment.go:613.2,618.42 3 0
flomation.app/automate/api/internal/http/environment.go:618.42,621.3 2 0
flomation.app/automate/api/internal/http/environment.go:623.2,623.101 1 0
flomation.app/automate/api/internal/http/environment.go:623.101,627.3 3 0
flomation.app/automate/api/internal/http/environment.go:629.2,629.25 1 0
flomation.app/automate/api/internal/http/environment.go:632.63,633.51 1 0
flomation.app/automate/api/internal/http/environment.go:633.51,635.3 1 0
flomation.app/automate/api/internal/http/environment.go:637.2,640.33 4 0
flomation.app/automate/api/internal/http/environment.go:640.33,642.3 1 0
flomation.app/automate/api/internal/http/environment.go:644.2,645.16 2 0
flomation.app/automate/api/internal/http/environment.go:645.16,651.3 3 0
flomation.app/automate/api/internal/http/environment.go:653.2,653.16 1 0
flomation.app/automate/api/internal/http/environment.go:653.16,656.3 2 0
flomation.app/automate/api/internal/http/environment.go:658.2,661.16 3 0
flomation.app/automate/api/internal/http/environment.go:661.16,667.3 3 0
flomation.app/automate/api/internal/http/environment.go:669.2,669.17 1 0
flomation.app/automate/api/internal/http/environment.go:669.17,672.3 2 0
flomation.app/automate/api/internal/http/environment.go:674.2,674.66 1 0
flomation.app/automate/api/internal/http/environment.go:674.66,680.3 3 0
flomation.app/automate/api/internal/http/environment.go:682.2,682.25 1 0
flomation.app/automate/api/internal/http/environment.go:685.65,686.51 1 0
flomation.app/automate/api/internal/http/environment.go:686.51,688.3 1 0
flomation.app/automate/api/internal/http/environment.go:690.2,693.33 4 0
flomation.app/automate/api/internal/http/environment.go:693.33,695.3 1 0
flomation.app/automate/api/internal/http/environment.go:697.2,698.16 2 0
flomation.app/automate/api/internal/http/environment.go:698.16,704.3 3 0
flomation.app/automate/api/internal/http/environment.go:706.2,706.16 1 0
flomation.app/automate/api/internal/http/environment.go:706.16,709.3 2 0
flomation.app/automate/api/internal/http/environment.go:711.2,714.16 3 0
flomation.app/automate/api/internal/http/environment.go:714.16,720.3 3 0
flomation.app/automate/api/internal/http/environment.go:722.2,722.17 1 0
flomation.app/automate/api/internal/http/environment.go:722.17,725.3 2 0
flomation.app/automate/api/internal/http/environment.go:727.2,728.46 2 0
flomation.app/automate/api/internal/http/environment.go:728.46,734.3 3 0
flomation.app/automate/api/internal/http/environment.go:736.2,739.16 3 0
flomation.app/automate/api/internal/http/environment.go:739.16,745.3 3 0
flomation.app/automate/api/internal/http/environment.go:747.2,747.25 1 0
flomation.app/automate/api/internal/http/environment.go:750.65,751.51 1 0
flomation.app/automate/api/internal/http/environment.go:751.51,753.3 1 0
flomation.app/automate/api/internal/http/environment.go:755.2,758.33 4 0
flomation.app/automate/api/internal/http/environment.go:758.33,760.3 1 0
flomation.app/automate/api/internal/http/environment.go:762.2,763.16 2 0
flomation.app/automate/api/internal/http/environment.go:763.16,769.3 3 0
flomation.app/automate/api/internal/http/environment.go:771.2,771.16 1 0
flomation.app/automate/api/internal/http/environment.go:771.16,774.3 2 0
flomation.app/automate/api/internal/http/environment.go:776.2,779.16 3 0
flomation.app/automate/api/internal/http/environment.go:779.16,785.3 3 0
flomation.app/automate/api/internal/http/environment.go:787.2,787.17 1 0
flomation.app/automate/api/internal/http/environment.go:787.17,790.3 2 0
flomation.app/automate/api/internal/http/environment.go:792.2,792.68 1 0
flomation.app/automate/api/internal/http/environment.go:792.68,798.3 3 0
flomation.app/automate/api/internal/http/environment.go:800.2,800.25 1 0
flomation.app/automate/api/internal/http/execution.go:17.56,21.16 3 0
flomation.app/automate/api/internal/http/execution.go:21.16,27.3 3 0
flomation.app/automate/api/internal/http/execution.go:29.2,29.22 1 0
flomation.app/automate/api/internal/http/execution.go:29.22,32.3 2 0
flomation.app/automate/api/internal/http/execution.go:34.2,39.53 3 0
flomation.app/automate/api/internal/http/execution.go:39.53,45.3 3 0
flomation.app/automate/api/internal/http/execution.go:47.2,52.87 2 0
flomation.app/automate/api/internal/http/execution.go:52.87,58.3 3 0
flomation.app/automate/api/internal/http/execution.go:61.2,63.25 2 0
flomation.app/automate/api/internal/http/execution.go:66.51,70.16 3 0
flomation.app/automate/api/internal/http/execution.go:70.16,76.3 3 0
flomation.app/automate/api/internal/http/execution.go:78.2,78.22 1 0
flomation.app/automate/api/internal/http/execution.go:78.22,81.3 2 0
flomation.app/automate/api/internal/http/execution.go:83.2,84.44 2 0
flomation.app/automate/api/internal/http/execution.go:84.44,90.3 3 0
flomation.app/automate/api/internal/http/execution.go:92.2,92.76 1 0
flomation.app/automate/api/internal/http/execution.go:92.76,98.3 3 0
flomation.app/automate/api/internal/http/execution.go:100.2,101.23 2 0
flomation.app/automate/api/internal/http/execution.go:101.23,103.3 1 0
flomation.app/automate/api/internal/http/execution.go:105.2,105.77 1 0
flomation.app/automate/api/internal/http/execution.go:105.77,111.3 3 0
flomation.app/automate/api/internal/http/execution.go:113.2,114.16 2 0
flomation.app/automate/api/internal/http/execution.go:114.16,120.3 3 0
flomation.app/automate/api/internal/http/execution.go:122.2,124.78 2 0
flomation.app/automate/api/internal/http/execution.go:124.78,130.3 3 0
flomation.app/automate/api/internal/http/execution.go:133.2,134.12 2 0
flomation.app/automate/api/internal/http/execution.go:134.12,137.3 2 0
flomation.app/automate/api/internal/http/execution.go:139.2,139.25 1 0
flomation.app/automate/api/internal/http/execution.go:142.52,147.16 4 0
flomation.app/automate/api/internal/http/execution.go:147.16,153.3 3 0
flomation.app/automate/api/internal/http/execution.go:155.2,155.17 1 0
flomation.app/automate/api/internal/http/execution.go:155.17,158.3 2 0
flomation.app/automate/api/internal/http/execution.go:160.2,160.51 1 0
flomation.app/automate/api/internal/http/execution.go:160.51,163.3 2 0
flomation.app/automate/api/internal/http/execution.go:165.2,165.22 1 0
flomation.app/automate/api/internal/http/execution.go:165.22,167.68 2 0
flomation.app/automate/api/internal/http/execution.go:167.68,173.4 3 0
flomation.app/automate/api/internal/http/execution.go:174.3,174.20 1 0
flomation.app/automate/api/internal/http/execution.go:177.2,177.24 1 0
flomation.app/automate/api/internal/http/execution.go:177.24,179.71 2 0
flomation.app/automate/api/internal/http/execution.go:179.71,185.4 3 0
flomation.app/automate/api/internal/http/execution.go:186.3,186.23 1 0
flomation.app/automate/api/internal/http/execution.go:189.2,189.29 1 0
flomation.app/automate/api/internal/http/execution.go:192.49,199.16 5 0
flomation.app/automate/api/internal/http/execution.go:199.16,205.3 3 0
flomation.app/automate/api/internal/http/execution.go:207.2,208.16 2 0
flomation.app/automate/api/internal/http/execution.go:208.16,214.3 3 0
flomation.app/automate/api/internal/http/execution.go:216.2,219.33 3 0
flomation.app/automate/api/internal/http/execution.go:219.33,221.3 1 0
flomation.app/automate/api/internal/http/execution.go:223.2,224.16 2 0
flomation.app/automate/api/internal/http/execution.go:224.16,230.3 3 0
flomation.app/automate/api/internal/http/execution.go:232.2,232.26 1 0
flomation.app/automate/api/internal/http/execution.go:232.26,235.3 2 0
flomation.app/automate/api/internal/http/execution.go:237.2,239.35 2 0
flomation.app/automate/api/internal/http/execution.go:242.55,246.16 3 0
flomation.app/automate/api/internal/http/execution.go:246.16,249.3 2 0
flomation.app/automate/api/internal/http/execution.go:251.2,255.55 2 0
flomation.app/automate/api/internal/http/execution.go:255.55,258.3 2 0
flomation.app/automate/api/internal/http/execution.go:260.2,260.28 1 0
flomation.app/automate/api/internal/http/execution.go:260.28,262.3 1 0
flomation.app/automate/api/internal/http/execution.go:264.2,264.25 1 0
flomation.app/automate/api/internal/http/execution.go:267.55,272.31 3 0
flomation.app/automate/api/internal/http/execution.go:272.31,275.3 2 0
flomation.app/automate/api/internal/http/execution.go:277.2,285.32 6 0
flomation.app/automate/api/internal/http/execution.go:285.32,287.3 1 0
flomation.app/automate/api/internal/http/execution.go:288.2,291.40 2 0
flomation.app/automate/api/internal/http/execution.go:291.40,295.3 3 0
flomation.app/automate/api/internal/http/execution.go:298.2,301.6 3 0
flomation.app/automate/api/internal/http/execution.go:301.6,302.10 1 0
flomation.app/automate/api/internal/http/execution.go:303.25,304.11 1 0
flomation.app/automate/api/internal/http/execution.go:304.11,306.5 1 0
flomation.app/automate/api/internal/http/execution.go:307.4,307.30 1 0
flomation.app/automate/api/internal/http/execution.go:307.30,311.21 3 0
flomation.app/automate/api/internal/http/execution.go:311.21,313.6 1 0
flomation.app/automate/api/internal/http/execution.go:314.5,316.11 3 0
flomation.app/automate/api/internal/http/execution.go:318.4,318.46 1 0
flomation.app/automate/api/internal/http/execution.go:318.46,322.13 4 0
flomation.app/automate/api/internal/http/execution.go:324.4,325.20 2 0
flomation.app/automate/api/internal/http/execution.go:327.19,330.20 2 0
flomation.app/automate/api/internal/http/execution.go:332.37,333.10 1 0
flomation.app/automate/api/internal/http/flow.go:16.45,24.16 6 0
flomation.app/automate/api/internal/http/flow.go:24.16,30.3 3 0
flomation.app/automate/api/internal/http/flow.go:32.2,33.16 2 0
flomation.app/automate/api/internal/http/flow.go:33.16,39.3 3 0
flomation.app/automate/api/internal/http/flow.go:41.2,42.33 2 0
flomation.app/automate/api/internal/http/flow.go:42.33,44.3 1 0
flomation.app/automate/api/internal/http/flow.go:46.2,47.16 2 0
flomation.app/automate/api/internal/http/flow.go:47.16,53.3 3 0
flomation.app/automate/api/internal/http/flow.go:55.2,55.20 1 0
flomation.app/automate/api/internal/http/flow.go:55.20,58.3 2 0
flomation.app/automate/api/internal/http/flow.go:61.2,65.27 3 0
flomation.app/automate/api/internal/http/flow.go:65.27,67.3 1 0
flomation.app/automate/api/internal/http/flow.go:69.2,71.29 2 0
flomation.app/automate/api/internal/http/flow.go:74.46,79.16 4 0
flomation.app/automate/api/internal/http/flow.go:79.16,85.3 3 0
flomation.app/automate/api/internal/http/flow.go:87.2,87.16 1 0
flomation.app/automate/api/internal/http/flow.go:87.16,90.3 2 0
flomation.app/automate/api/internal/http/flow.go:92.2,92.50 1 0
flomation.app/automate/api/internal/http/flow.go:92.50,95.3 2 0
flomation.app/automate/api/internal/http/flow.go:97.2,98.16 2 0
flomation.app/automate/api/internal/http/flow.go:98.16,104.3 3 0
flomation.app/automate/api/internal/http/flow.go:106.2,106.21 1 0
flomation.app/automate/api/internal/http/flow.go:106.21,107.27 1 0
flomation.app/automate/api/internal/http/flow.go:107.27,110.69 2 0
flomation.app/automate/api/internal/http/flow.go:110.69,116.5 3 0
flomation.app/automate/api/internal/http/flow.go:118.4,118.21 1 0
flomation.app/automate/api/internal/http/flow.go:121.3,121.32 1 0
flomation.app/automate/api/internal/http/flow.go:124.2,124.28 1 0
flomation.app/automate/api/internal/http/flow.go:127.45,128.44 1 0
flomation.app/automate/api/internal/http/flow.go:128.44,130.3 1 0
flomation.app/automate/api/internal/http/flow.go:132.2,133.41 2 0
flomation.app/automate/api/internal/http/flow.go:133.41,139.3 3 0
flomation.app/automate/api/internal/http/flow.go:141.2,144.33 3 0
flomation.app/automate/api/internal/http/flow.go:144.33,146.3 1 0
flomation.app/automate/api/internal/http/flow.go:148.2,149.16 2 0
flomation.app/automate/api/internal/http/flow.go:149.16,155.3 3 0
flomation.app/automate/api/internal/http/flow.go:157.2,158.16 2 0
flomation.app/automate/api/internal/http/flow.go:158.16,164.3 3 0
flomation.app/automate/api/internal/http/flow.go:167.2,167.31 1 0
flomation.app/automate/api/internal/http/flow.go:167.31,168.102 1 0
flomation.app/automate/api/internal/http/flow.go:168.102,174.4 1 0
flomation.app/automate/api/internal/http/flow.go:177.2,177.31 1 0
flomation.app/automate/api/internal/http/flow.go:180.45,181.42 1 0
flomation.app/automate/api/internal/http/flow.go:181.42,183.3 1 0
flomation.app/automate/api/internal/http/flow.go:185.2,188.41 3 0
flomation.app/automate/api/internal/http/flow.go:188.41,194.3 3 0
flomation.app/automate/api/internal/http/flow.go:196.2,198.53 2 0
flomation.app/automate/api/internal/http/flow.go:198.53,204.3 3 0
flomation.app/automate/api/internal/http/flow.go:206.2,207.16 2 0
flomation.app/automate/api/internal/http/flow.go:207.16,213.3 3 0
flomation.app/automate/api/internal/http/flow.go:215.2,215.26 1 0
flomation.app/automate/api/internal/http/flow.go:218.45,219.44 1 0
flomation.app/automate/api/internal/http/flow.go:219.44,221.3 1 0
flomation.app/automate/api/internal/http/flow.go:223.2,227.16 4 0
flomation.app/automate/api/internal/http/flow.go:227.16,233.3 3 0
flomation.app/automate/api/internal/http/flow.go:235.2,235.16 1 0
flomation.app/automate/api/internal/http/flow.go:235.16,238.3 2 0
flomation.app/automate/api/internal/http/flow.go:240.2,240.50 1 0
flomation.app/automate/api/internal/http/flow.go:240.50,243.3 2 0
flomation.app/automate/api/internal/http/flow.go:245.2,245.54 1 0
flomation.app/automate/api/internal/http/flow.go:245.54,251.3 3 0
flomation.app/automate/api/internal/http/flow.go:253.2,253.25 1 0
flomation.app/automate/api/internal/http/flow.go:256.53,257.42 1 0
flomation.app/automate/api/internal/http/flow.go:257.42,259.3 1 0
flomation.app/automate/api/internal/http/flow.go:261.2,264.46 3 0
flomation.app/automate/api/internal/http/flow.go:264.46,270.3 3 0
flomation.app/automate/api/internal/http/flow.go:272.2,295.16 6 0
flomation.app/automate/api/internal/http/flow.go:295.16,301.3 3 0
flomation.app/automate/api/internal/http/flow.go:303.2,306.16 3 0
flomation.app/automate/api/internal/http/flow.go:306.16,312.3 3 0
flomation.app/automate/api/internal/http/flow.go:315.2,317.49 3 0
flomation.app/automate/api/internal/http/flow.go:317.49,319.3 1 0
flomation.app/automate/api/internal/http/flow.go:322.2,324.42 2 0
flomation.app/automate/api/internal/http/flow.go:324.42,326.18 2 0
flomation.app/automate/api/internal/http/flow.go:326.18,327.12 1 0
flomation.app/automate/api/internal/http/flow.go:331.3,333.29 3 0
flomation.app/automate/api/internal/http/flow.go:333.29,334.12 1 0
flomation.app/automate/api/internal/http/flow.go:338.3,343.49 4 0
flomation.app/automate/api/internal/http/flow.go:343.49,346.34 3 0
flomation.app/automate/api/internal/http/flow.go:346.34,348.5 1 0
flomation.app/automate/api/internal/http/flow.go:352.3,352.25 1 0
flomation.app/automate/api/internal/http/flow.go:352.25,353.52 1 0
flomation.app/automate/api/internal/http/flow.go:353.52,354.52 1 0
flomation.app/automate/api/internal/http/flow.go:354.52,356.68 2 0
flomation.app/automate/api/internal/http/flow.go:356.68,358.7 1 0
flomation.app/automate/api/internal/http/flow.go:364.3,365.39 2 0
flomation.app/automate/api/internal/http/flow.go:365.39,366.31 1 0
flomation.app/automate/api/internal/http/flow.go:366.31,368.10 2 0
flomation.app/automate/api/internal/http/flow.go:372.3,372.24 1 0
flomation.app/automate/api/internal/http/flow.go:372.24,384.63 3 0
flomation.app/automate/api/internal/http/flow.go:384.63,389.5 1 0
flomation.app/automate/api/internal/http/flow.go:391.4,391.64 1 0
flomation.app/automate/api/internal/http/flow.go:392.9,401.19 2 0
flomation.app/automate/api/internal/http/flow.go:401.19,403.36 2 0
flomation.app/automate/api/internal/http/flow.go:403.36,405.6 1 0
flomation.app/automate/api/internal/http/flow.go:408.4,409.18 2 0
flomation.app/automate/api/internal/http/flow.go:409.18,414.13 2 0
flomation.app/automate/api/internal/http/flow.go:417.4,417.76 1 0
flomation.app/automate/api/internal/http/flow.go:417.76,423.5 1 0
flomation.app/automate/api/internal/http/flow.go:425.4,431.52 2 0
flomation.app/automate/api/internal/http/flow.go:437.2,438.42 2 0
flomation.app/automate/api/internal/http/flow.go:438.42,440.18 2 0
flomation.app/automate/api/internal/http/flow.go:440.18,441.12 1 0
flomation.app/automate/api/internal/http/flow.go:443.3,445.29 3 0
flomation.app/automate/api/internal/http/flow.go:445.29,449.4 3 0
flomation.app/automate/api/internal/http/flow.go:452.2,452.38 1 0
flomation.app/automate/api/internal/http/flow.go:452.38,453.30 1 0
flomation.app/automate/api/internal/http/flow.go:453.30,454.12 1 0
flomation.app/automate/api/internal/http/flow.go:456.3,456.41 1 0
flomation.app/automate/api/internal/http/flow.go:456.41,458.68 1 0
flomation.app/automate/api/internal/http/flow.go:458.68,463.5 1 0
flomation.app/automate/api/internal/http/flow.go:465.4,465.61 1 0
flomation.app/automate/api/internal/http/flow.go:465.61,470.5 1 0
flomation.app/automate/api/internal/http/flow.go:472.4,476.57 1 0
flomation.app/automate/api/internal/http/flow.go:480.2,482.4 1 0
flomation.app/automate/api/internal/http/flow.go:485.46,491.16 5 0
flomation.app/automate/api/internal/http/flow.go:491.16,495.3 1 0
flomation.app/automate/api/internal/http/flow.go:497.2,498.16 2 0
flomation.app/automate/api/internal/http/flow.go:498.16,504.3 3 0
flomation.app/automate/api/internal/http/flow.go:506.2,508.4 1 0
flomation.app/automate/api/internal/http/flow.go:513.79,515.28 2 0
flomation.app/automate/api/internal/http/flow.go:515.28,516.22 1 0
flomation.app/automate/api/internal/http/flow.go:516.22,517.12 1 0
flomation.app/automate/api/internal/http/flow.go:519.3,520.10 2 0
flomation.app/automate/api/internal/http/flow.go:520.10,521.12 1 0
flomation.app/automate/api/internal/http/flow.go:523.3,524.54 2 0
flomation.app/automate/api/internal/http/flow.go:524.54,525.12 1 0
flomation.app/automate/api/internal/http/flow.go:527.3,528.30 2 0
flomation.app/automate/api/internal/http/flow.go:528.30,529.20 1 0
flomation.app/automate/api/internal/http/flow.go:529.20,531.5 1 0
flomation.app/automate/api/internal/http/flow.go:533.3,533.22 1 0
flomation.app/automate/api/internal/http/flow.go:533.22,535.4 1 0
flomation.app/automate/api/internal/http/flow.go:537.2,537.15 1 0
flomation.app/automate/api/internal/http/flow.go:543.97,545.49 2 0
flomation.app/automate/api/internal/http/flow.go:545.49,547.3 1 0
flomation.app/automate/api/internal/http/flow.go:549.2,550.30 2 0
flomation.app/automate/api/internal/http/flow.go:551.14,552.10 1 0
flomation.app/automate/api/internal/http/flow.go:553.14,554.18 1 0
flomation.app/automate/api/internal/http/flow.go:555.10,556.15 1 0
flomation.app/automate/api/internal/http/flow.go:559.2,560.54 2 0
flomation.app/automate/api/internal/http/flow.go:560.54,562.3 1 0
flomation.app/automate/api/internal/http/flow.go:564.2,565.9 2 0
flomation.app/automate/api/internal/http/flow.go:565.9,567.3 1 0
flomation.app/automate/api/internal/http/flow.go:569.2,569.26 1 0
flomation.app/automate/api/internal/http/flow.go:569.26,571.10 2 0
flomation.app/automate/api/internal/http/flow.go:571.10,572.12 1 0
flomation.app/automate/api/internal/http/flow.go:576.3,579.10 3 0
flomation.app/automate/api/internal/http/flow.go:579.10,580.12 1 0
flomation.app/automate/api/internal/http/flow.go:582.3,583.10 2 0
flomation.app/automate/api/internal/http/flow.go:583.10,584.12 1 0
flomation.app/automate/api/internal/http/flow.go:586.3,587.10 2 0
flomation.app/automate/api/internal/http/flow.go:587.10,588.12 1 0
flomation.app/automate/api/internal/http/flow.go:592.3,594.30 2 0
flomation.app/automate/api/internal/http/flow.go:594.30,596.11 2 0
flomation.app/automate/api/internal/http/flow.go:596.11,597.13 1 0
flomation.app/automate/api/internal/http/flow.go:600.4,604.46 3 0
flomation.app/automate/api/internal/http/flow.go:604.46,606.5 1 0
flomation.app/automate/api/internal/http/flow.go:608.4,608.17 1 0
flomation.app/automate/api/internal/http/flow.go:608.17,609.13 1 0
flomation.app/automate/api/internal/http/flow.go:612.4,613.38 2 0
flomation.app/automate/api/internal/http/flow.go:613.38,615.5 1 0
flomation.app/automate/api/internal/http/flow.go:619.2,619.14 1 0
flomation.app/automate/api/internal/http/group.go:12.57,13.52 1 0
flomation.app/automate/api/internal/http/group.go:13.52,15.3 1 0
flomation.app/automate/api/internal/http/group.go:17.2,20.16 3 0
flomation.app/automate/api/internal/http/group.go:20.16,24.3 3 0
flomation.app/automate/api/internal/http/group.go:26.2,26.22 1 0
flomation.app/automate/api/internal/http/group.go:26.22,29.3 2 0
flomation.app/automate/api/internal/http/group.go:31.2,31.31 1 0
flomation.app/automate/api/internal/http/group.go:34.48,35.52 1 0
flomation.app/automate/api/internal/http/group.go:35.52,37.3 1 0
flomation.app/automate/api/internal/http/group.go:39.2,42.16 3 0
flomation.app/automate/api/internal/http/group.go:42.16,46.3 3 0
flomation.app/automate/api/internal/http/group.go:48.2,48.18 1 0
flomation.app/automate/api/internal/http/group.go:48.18,51.3 2 0
flomation.app/automate/api/internal/http/group.go:53.2,53.30 1 0
flomation.app/automate/api/internal/http/group.go:62.59,63.52 1 0
flomation.app/automate/api/internal/http/group.go:63.52,65.3 1 0
flomation.app/automate/api/internal/http/group.go:67.2,70.41 3 0
flomation.app/automate/api/internal/http/group.go:70.41,73.3 2 0
flomation.app/automate/api/internal/http/group.go:75.2,75.20 1 0
flomation.app/automate/api/internal/http/group.go:75.20,78.3 2 0
flomation.app/automate/api/internal/http/group.go:80.2,88.16 3 0
flomation.app/automate/api/internal/http/group.go:88.16,92.3 3 0
flomation.app/automate/api/internal/http/group.go:94.2,95.16 2 0
flomation.app/automate/api/internal/http/group.go:95.16,98.3 2 0
flomation.app/automate/api/internal/http/group.go:100.2,100.37 1 0
flomation.app/automate/api/internal/http/group.go:109.47,110.52 1 0
flomation.app/automate/api/internal/http/group.go:110.52,112.3 1 0
flomation.app/automate/api/internal/http/group.go:114.2,117.41 3 0
flomation.app/automate/api/internal/http/group.go:117.41,120.3 2 0
flomation.app/automate/api/internal/http/group.go:122.2,129.57 3 0
flomation.app/automate/api/internal/http/group.go:129.57,133.3 3 0
flomation.app/automate/api/internal/http/group.go:135.2,136.16 2 0
flomation.app/automate/api/internal/http/group.go:136.16,139.3 2 0
flomation.app/automate/api/internal/http/group.go:141.2,141.32 1 0
flomation.app/automate/api/internal/http/group.go:144.47,145.52 1 0
flomation.app/automate/api/internal/http/group.go:145.52,147.3 1 0
flomation.app/automate/api/internal/http/group.go:149.2,151.59 2 0
flomation.app/automate/api/internal/http/group.go:151.59,155.3 3 0
flomation.app/automate/api/internal/http/group.go:157.2,157.25 1 0
flomation.app/automate/api/internal/http/group.go:160.51,161.52 1 0
flomation.app/automate/api/internal/http/group.go:161.52,163.3 1 0
flomation.app/automate/api/internal/http/group.go:165.2,168.16 3 0
flomation.app/automate/api/internal/http/group.go:168.16,172.3 3 0
flomation.app/automate/api/internal/http/group.go:174.2,174.23 1 0
flomation.app/automate/api/internal/http/group.go:174.23,177.3 2 0
flomation.app/automate/api/internal/http/group.go:179.2,179.32 1 0
flomation.app/automate/api/internal/http/group.go:186.50,187.52 1 0
flomation.app/automate/api/internal/http/group.go:187.52,189.3 1 0
flomation.app/automate/api/internal/http/group.go:191.2,194.41 3 0
flomation.app/automate/api/internal/http/group.go:194.41,197.3 2 0
flomation.app/automate/api/internal/http/group.go:199.2,199.74 1 0
flomation.app/automate/api/internal/http/group.go:199.74,203.3 3 0
flomation.app/automate/api/internal/http/group.go:205.2,205.30 1 0
flomation.app/automate/api/internal/http/group.go:208.53,209.52 1 0
flomation.app/automate/api/internal/http/group.go:209.52,211.3 1 0
flomation.app/automate/api/internal/http/group.go:213.2,216.75 3 0
flomation.app/automate/api/internal/http/group.go:216.75,220.3 3 0
flomation.app/automate/api/internal/http/group.go:222.2,222.25 1 0
flomation.app/automate/api/internal/http/group.go:229.55,230.52 1 0
flomation.app/automate/api/internal/http/group.go:230.52,232.3 1 0
flomation.app/automate/api/internal/http/group.go:234.2,237.41 3 0
flomation.app/automate/api/internal/http/group.go:237.41,240.3 2 0
flomation.app/automate/api/internal/http/group.go:243.2,243.39 1 0
flomation.app/automate/api/internal/http/group.go:243.39,244.36 1 0
flomation.app/automate/api/internal/http/group.go:244.36,250.4 2 0
flomation.app/automate/api/internal/http/group.go:253.2,253.84 1 0
flomation.app/automate/api/internal/http/group.go:253.84,257.3 3 0
flomation.app/automate/api/internal/http/group.go:259.2,260.16 2 0
flomation.app/automate/api/internal/http/group.go:260.16,263.3 2 0
flomation.app/automate/api/internal/http/group.go:265.2,265.30 1 0
flomation.app/automate/api/internal/http/loghub.go:15.26,20.2 1 0
flomation.app/automate/api/internal/http/loghub.go:24.62,30.48 4 0
flomation.app/automate/api/internal/http/loghub.go:30.48,31.30 1 0
flomation.app/automate/api/internal/http/loghub.go:31.30,32.11 1 0
flomation.app/automate/api/internal/http/loghub.go:33.20,33.20 0 0
flomation.app/automate/api/internal/http/loghub.go:34.12,34.12 0 0
flomation.app/automate/api/internal/http/loghub.go:43.72,54.2 7 0
flomation.app/automate/api/internal/http/loghub.go:57.66,62.25 4 0
flomation.app/automate/api/internal/http/loghub.go:62.25,63.14 1 0
flomation.app/automate/api/internal/http/loghub.go:63.14,65.9 2 0
flomation.app/automate/api/internal/http/loghub.go:69.2,69.11 1 0
flomation.app/automate/api/internal/http/loghub.go:73.47,77.48 3 0
flomation.app/automate/api/internal/http/loghub.go:77.48,78.10 1 0
flomation.app/automate/api/internal/http/loghub.go:79.29,79.29 0 0
flomation.app/automate/api/internal/http/loghub.go:80.11,80.11 0 0
flomation.app/automate/api/internal/http/loghub.go:86.46,90.48 3 0
flomation.app/automate/api/internal/http/loghub.go:90.48,92.3 1 0
flomation.app/automate/api/internal/http/loghub.go:94.2,95.32 2 0
flomation.app/automate/api/internal/http/organisation.go:12.54,14.17 2 0
flomation.app/automate/api/internal/http/organisation.go:14.17,17.3 2 0
flomation.app/automate/api/internal/http/organisation.go:19.2,20.16 2 0
flomation.app/automate/api/internal/http/organisation.go:20.16,26.3 3 0
flomation.app/automate/api/internal/http/organisation.go:28.2,28.20 1 0
flomation.app/automate/api/internal/http/organisation.go:28.20,31.3 2 0
flomation.app/automate/api/internal/http/organisation.go:33.2,33.29 1 0
flomation.app/automate/api/internal/http/organisation.go:36.51,39.16 3 0
flomation.app/automate/api/internal/http/organisation.go:39.16,45.3 3 0
flomation.app/automate/api/internal/http/organisation.go:47.2,47.28 1 0
flomation.app/automate/api/internal/http/organisation.go:50.54,52.41 2 0
flomation.app/automate/api/internal/http/organisation.go:52.41,58.3 3 0
flomation.app/automate/api/internal/http/organisation.go:60.2,61.16 2 0
flomation.app/automate/api/internal/http/organisation.go:61.16,67.3 3 0
flomation.app/automate/api/internal/http/organisation.go:69.2,69.102 1 0
flomation.app/automate/api/internal/http/organisation.go:69.102,75.3 3 0
flomation.app/automate/api/internal/http/organisation.go:77.2,78.16 2 0
flomation.app/automate/api/internal/http/organisation.go:78.16,84.3 3 0
flomation.app/automate/api/internal/http/organisation.go:86.2,86.31 1 0
flomation.app/automate/api/internal/http/organisation.go:89.54,90.52 1 0
flomation.app/automate/api/internal/http/organisation.go:90.52,92.3 1 0
flomation.app/automate/api/internal/http/organisation.go:94.2,95.41 2 0
flomation.app/automate/api/internal/http/organisation.go:95.41,101.3 3 0
flomation.app/automate/api/internal/http/organisation.go:103.2,103.62 1 0
flomation.app/automate/api/internal/http/organisation.go:103.62,109.3 3 0
flomation.app/automate/api/internal/http/organisation.go:111.2,112.16 2 0
flomation.app/automate/api/internal/http/organisation.go:112.16,118.3 3 0
flomation.app/automate/api/internal/http/organisation.go:120.2,120.26 1 0
flomation.app/automate/api/internal/http/organisation_invite.go:16.60,17.52 1 0
flomation.app/automate/api/internal/http/organisation_invite.go:17.52,19.3 1 0
flomation.app/automate/api/internal/http/organisation_invite.go:21.2,23.17 3 0
flomation.app/automate/api/internal/http/organisation_invite.go:23.17,26.3 2 0
flomation.app/automate/api/internal/http/organisation_invite.go:28.2,29.41 2 0
flomation.app/automate/api/internal/http/organisation_invite.go:29.41,32.3 2 0
flomation.app/automate/api/internal/http/organisation_invite.go:34.2,34.20 1 0
flomation.app/automate/api/internal/http/organisation_invite.go:34.20,36.3 1 0
flomation.app/automate/api/internal/http/organisation_invite.go:38.2,39.16 2 0
flomation.app/automate/api/internal/http/organisation_invite.go:39.16,43.3 3 0
flomation.app/automate/api/internal/http/organisation_invite.go:45.2,45.36 1 0
flomation.app/automate/api/internal/http/organisation_invite.go:48.58,49.52 1 0
flomation.app/automate/api/internal/http/organisation_invite.go:49.52,51.3 1 0
flomation.app/automate/api/internal/http/organisation_invite.go:53.2,56.16 3 0
flomation.app/automate/api/internal/http/organisation_invite.go:56.16,60.3 3 0
flomation.app/automate/api/internal/http/organisation_invite.go:62.2,62.23 1 0
flomation.app/automate/api/internal/http/organisation_invite.go:62.23,65.3 2 0
flomation.app/automate/api/internal/http/organisation_invite.go:67.2,67.32 1 0
flomation.app/automate/api/internal/http/organisation_invite.go:70.60,71.52 1 0
flomation.app/automate/api/internal/http/organisation_invite.go:71.52,73.3 1 0
flomation.app/automate/api/internal/http/organisation_invite.go:75.2,78.68 3 0
flomation.app/automate/api/internal/http/organisation_invite.go:78.68,82.3 3 0
flomation.app/automate/api/internal/http/organisation_invite.go:84.2,84.25 1 0
flomation.app/automate/api/internal/http/organisation_invite.go:87.60,90.17 3 0
flomation.app/automate/api/internal/http/organisation_invite.go:90.17,93.3 2 0
flomation.app/automate/api/internal/http/organisation_invite.go:95.2,96.16 2 0
flomation.app/automate/api/internal/http/organisation_invite.go:96.16,100.3 3 0
flomation.app/automate/api/internal/http/organisation_invite.go:102.2,102.19 1 0
flomation.app/automate/api/internal/http/organisation_invite.go:102.19,105.3 2 0
flomation.app/automate/api/internal/http/organisation_invite.go:108.2,108.105 1 0
flomation.app/automate/api/internal/http/organisation_invite.go:108.105,112.3 3 0
flomation.app/automate/api/internal/http/organisation_invite.go:115.2,115.71 1 0
flomation.app/automate/api/internal/http/organisation_invite.go:115.71,119.3 3 0
flomation.app/automate/api/internal/http/organisation_invite.go:122.2,123.16 2 0
flomation.app/automate/api/internal/http/organisation_invite.go:123.16,124.41 1 0
flomation.app/automate/api/internal/http/organisation_invite.go:124.41,125.73 1 0
flomation.app/automate/api/internal/http/organisation_invite.go:125.73,131.5 1 0
flomation.app/automate/api/internal/http/organisation_invite.go:135.2,136.16 2 0
flomation.app/automate/api/internal/http/organisation_invite.go:136.16,139.3 2 0
flomation.app/automate/api/internal/http/organisation_invite.go:141.2,141.28 1 0
flomation.app/automate/api/internal/http/organisation_member.go:11.58,14.17 3 0
flomation.app/automate/api/internal/http/organisation_member.go:14.17,17.3 2 0
flomation.app/automate/api/internal/http/organisation_member.go:20.2,21.31 2 0
flomation.app/automate/api/internal/http/organisation_member.go:21.31,24.3 2 0
flomation.app/automate/api/internal/http/organisation_member.go:26.2,27.16 2 0
flomation.app/automate/api/internal/http/organisation_member.go:27.16,31.3 3 0
flomation.app/automate/api/internal/http/organisation_member.go:33.2,33.23 1 0
flomation.app/automate/api/internal/http/organisation_member.go:33.23,36.3 2 0
flomation.app/automate/api/internal/http/organisation_member.go:38.2,38.32 1 0
flomation.app/automate/api/internal/http/organisation_member.go:41.60,42.52 1 0
flomation.app/automate/api/internal/http/organisation_member.go:42.52,44.3 1 0
flomation.app/automate/api/internal/http/organisation_member.go:46.2,49.17 4 0
flomation.app/automate/api/internal/http/organisation_member.go:49.17,52.3 2 0
flomation.app/automate/api/internal/http/organisation_member.go:55.2,55.29 1 0
flomation.app/automate/api/internal/http/organisation_member.go:55.29,58.3 2 0
flomation.app/automate/api/internal/http/organisation_member.go:60.2,60.86 1 0
flomation.app/automate/api/internal/http/organisation_member.go:60.86,64.3 3 0
flomation.app/automate/api/internal/http/organisation_member.go:66.2,66.25 1 0
flomation.app/automate/api/internal/http/queue.go:11.45,13.17 2 0
flomation.app/automate/api/internal/http/queue.go:13.17,16.3 2 0
flomation.app/automate/api/internal/http/queue.go:18.2,18.34 1 0
flomation.app/automate/api/internal/http/queue.go:18.34,21.3 2 0
flomation.app/automate/api/internal/http/queue.go:23.2,24.16 2 0
flomation.app/automate/api/internal/http/queue.go:24.16,28.3 3 0
flomation.app/automate/api/internal/http/queue.go:30.2,30.22 1 0
flomation.app/automate/api/internal/http/queue.go:30.22,33.3 2 0
flomation.app/automate/api/internal/http/queue.go:35.2,35.31 1 0
flomation.app/automate/api/internal/http/queue.go:43.47,44.46 1 0
flomation.app/automate/api/internal/http/queue.go:44.46,46.3 1 0
flomation.app/automate/api/internal/http/queue.go:48.2,49.17 2 0
flomation.app/automate/api/internal/http/queue.go:49.17,52.3 2 0
flomation.app/automate/api/internal/http/queue.go:54.2,54.34 1 0
flomation.app/automate/api/internal/http/queue.go:54.34,57.3 2 0
flomation.app/automate/api/internal/http/queue.go:59.2,62.41 3 0
flomation.app/automate/api/internal/http/queue.go:62.41,65.3 2 0
flomation.app/automate/api/internal/http/queue.go:67.2,67.20 1 0
flomation.app/automate/api/internal/http/queue.go:67.20,70.3 2 0
flomation.app/automate/api/internal/http/queue.go:72.2,73.16 2 0
flomation.app/automate/api/internal/http/queue.go:73.16,77.3 3 0
flomation.app/automate/api/internal/http/queue.go:79.2,80.16 2 0
flomation.app/automate/api/internal/http/queue.go:80.16,83.3 2 0
flomation.app/automate/api/internal/http/queue.go:85.2,85.35 1 0
flomation.app/automate/api/internal/http/queue.go:88.47,89.46 1 0
flomation.app/automate/api/internal/http/queue.go:89.46,91.3 1 0
flomation.app/automate/api/internal/http/queue.go:93.2,94.17 2 0
flomation.app/automate/api/internal/http/queue.go:94.17,97.3 2 0
flomation.app/automate/api/internal/http/queue.go:99.2,99.34 1 0
flomation.app/automate/api/internal/http/queue.go:99.34,102.3 2 0
flomation.app/automate/api/internal/http/queue.go:104.2,107.66 3 0
flomation.app/automate/api/internal/http/queue.go:107.66,111.3 3 0
flomation.app/automate/api/internal/http/queue.go:113.2,113.25 1 0
flomation.app/automate/api/internal/http/queue.go:116.51,118.17 2 0
flomation.app/automate/api/internal/http/queue.go:118.17,121.3 2 0
flomation.app/automate/api/internal/http/queue.go:123.2,125.16 3 0
flomation.app/automate/api/internal/http/queue.go:125.16,129.3 3 0
flomation.app/automate/api/internal/http/queue.go:131.2,131.23 1 0
flomation.app/automate/api/internal/http/queue.go:131.23,134.3 2 0
flomation.app/automate/api/internal/http/queue.go:136.2,136.32 1 0
flomation.app/automate/api/internal/http/queue.go:143.52,144.46 1 0
flomation.app/automate/api/internal/http/queue.go:144.46,146.3 1 0
flomation.app/automate/api/internal/http/queue.go:148.2,150.41 3 0
flomation.app/automate/api/internal/http/queue.go:150.41,153.3 2 0
flomation.app/automate/api/internal/http/queue.go:155.2,155.78 1 0
flomation.app/automate/api/internal/http/queue.go:155.78,159.3 3 0
flomation.app/automate/api/internal/http/queue.go:161.2,161.30 1 0
flomation.app/automate/api/internal/http/queue.go:164.57,165.46 1 0
flomation.app/automate/api/internal/http/queue.go:165.46,167.3 1 0
flomation.app/automate/api/internal/http/queue.go:169.2,172.79 3 0
flomation.app/automate/api/internal/http/queue.go:172.79,176.3 3 0
flomation.app/automate/api/internal/http/queue.go:178.2,178.25 1 0
flomation.app/automate/api/internal/http/rbac.go:17.82,19.17 2 0
flomation.app/automate/api/internal/http/rbac.go:19.17,22.3 2 0
flomation.app/automate/api/internal/http/rbac.go:25.2,25.34 1 0
flomation.app/automate/api/internal/http/rbac.go:25.34,27.3 1 0
flomation.app/automate/api/internal/http/rbac.go:29.2,33.16 3 0
flomation.app/automate/api/internal/http/rbac.go:33.16,37.3 3 0
flomation.app/automate/api/internal/http/rbac.go:39.2,39.37 1 0
flomation.app/automate/api/internal/http/rbac.go:39.37,41.3 1 0
flomation.app/automate/api/internal/http/rbac.go:43.2,45.42 2 0
flomation.app/automate/api/internal/http/rbac.go:45.42,51.3 2 0
flomation.app/automate/api/internal/http/rbac.go:53.2,53.13 1 0
flomation.app/automate/api/internal/http/rbac.go:58.74,60.16 2 0
flomation.app/automate/api/internal/http/rbac.go:60.16,63.3 2 0
flomation.app/automate/api/internal/http/rbac.go:66.2,66.16 1 0
flomation.app/automate/api/internal/http/rbac.go:66.16,68.3 1 0
flomation.app/automate/api/internal/http/rbac.go:70.2,71.16 2 0
flomation.app/automate/api/internal/http/rbac.go:71.16,74.3 2 0
flomation.app/automate/api/internal/http/rbac.go:76.2,76.14 1 0
flomation.app/automate/api/internal/http/rbac.go:80.52,82.17 2 0
flomation.app/automate/api/internal/http/rbac.go:82.17,85.3 2 0
flomation.app/automate/api/internal/http/rbac.go:87.2,87.34 1 0
flomation.app/automate/api/internal/http/rbac.go:87.34,95.3 2 0
flomation.app/automate/api/internal/http/rbac.go:97.2,100.31 3 0
flomation.app/automate/api/internal/http/rbac.go:100.31,103.3 2 0
flomation.app/automate/api/internal/http/rbac.go:105.2,105.22 1 0
flomation.app/automate/api/internal/http/rbac.go:105.22,112.3 2 0
flomation.app/automate/api/internal/http/rbac.go:114.2,120.4 2 0
flomation.app/automate/api/internal/http/runner.go:21.73,25.18 3 0
flomation.app/automate/api/internal/http/runner.go:25.18,27.3 1 0
flomation.app/automate/api/internal/http/runner.go:29.2,29.19 1 0
flomation.app/automate/api/internal/http/runner.go:29.19,31.3 1 0
flomation.app/automate/api/internal/http/runner.go:33.2,33.20 1 0
flomation.app/automate/api/internal/http/runner.go:34.20,36.17 2 0
flomation.app/automate/api/internal/http/runner.go:36.17,38.4 1 0
flomation.app/automate/api/internal/http/runner.go:39.3,40.10 2 0
flomation.app/automate/api/internal/http/runner.go:40.10,42.4 1 0
flomation.app/automate/api/internal/http/runner.go:44.3,44.10 1 0
flomation.app/automate/api/internal/http/runner.go:45.24,47.17 2 0
flomation.app/automate/api/internal/http/runner.go:47.17,49.4 1 0
flomation.app/automate/api/internal/http/runner.go:51.3,51.12 1 0
flomation.app/automate/api/internal/http/runner.go:53.10,54.42 1 0
flomation.app/automate/api/internal/http/runner.go:57.2,58.40 2 0
flomation.app/automate/api/internal/http/runner.go:58.40,60.14 2 0
flomation.app/automate/api/internal/http/runner.go:60.14,62.4 1 0
flomation.app/automate/api/internal/http/runner.go:64.3,65.17 2 0
flomation.app/automate/api/internal/http/runner.go:65.17,67.4 1 0
flomation.app/automate/api/internal/http/runner.go:69.3,70.15 2 0
flomation.app/automate/api/internal/http/runner.go:70.15,72.4 1 0
flomation.app/automate/api/internal/http/runner.go:74.3,75.78 2 0
flomation.app/automate/api/internal/http/runner.go:75.78,77.4 1 0
flomation.app/automate/api/internal/http/runner.go:78.8,81.17 3 0
flomation.app/automate/api/internal/http/runner.go:81.17,83.4 1 0
flomation.app/automate/api/internal/http/runner.go:85.3,90.19 4 0
flomation.app/automate/api/internal/http/runner.go:90.19,92.4 1 0
flomation.app/automate/api/internal/http/runner.go:94.3,95.17 2 0
flomation.app/automate/api/internal/http/runner.go:95.17,97.4 1 0
flomation.app/automate/api/internal/http/runner.go:99.3,99.87 1 0
flomation.app/automate/api/internal/http/runner.go:99.87,101.4 1 0
flomation.app/automate/api/internal/http/runner.go:104.2,104.12 1 0
flomation.app/automate/api/internal/http/runner.go:107.55,109.14 2 0
flomation.app/automate/api/internal/http/runner.go:109.14,112.3 2 0
flomation.app/automate/api/internal/http/runner.go:114.2,115.16 2 0
flomation.app/automate/api/internal/http/runner.go:115.16,121.3 3 0
flomation.app/automate/api/internal/http/runner.go:123.2,123.31 1 0
flomation.app/automate/api/internal/http/runner.go:123.31,127.3 3 0
flomation.app/automate/api/internal/http/runner.go:129.2,130.16 2 0
flomation.app/automate/api/internal/http/runner.go:130.16,136.3 3 0
flomation.app/automate/api/internal/http/runner.go:138.2,138.14 1 0
flomation.app/automate/api/internal/http/runner.go:138.14,144.3 3 0
flomation.app/automate/api/internal/http/runner.go:146.2,146.24 1 0
flomation.app/automate/api/internal/http/runner.go:146.24,147.58 1 0
flomation.app/automate/api/internal/http/runner.go:147.58,154.4 3 0
flomation.app/automate/api/internal/http/runner.go:157.2,157.34 1 0
flomation.app/automate/api/internal/http/runner.go:157.34,159.17 2 0
flomation.app/automate/api/internal/http/runner.go:159.17,165.4 3 0
flomation.app/automate/api/internal/http/runner.go:167.3,168.17 2 0
flomation.app/automate/api/internal/http/runner.go:168.17,174.4 3 0
flomation.app/automate/api/internal/http/runner.go:176.3,176.27 1 0
flomation.app/automate/api/internal/http/runner.go:176.27,179.4 2 0
flomation.app/automate/api/internal/http/runner.go:181.3,183.31 2 0
flomation.app/automate/api/internal/http/runner.go:183.31,185.4 1 0
flomation.app/automate/api/internal/http/runner.go:188.2,188.10 1 0
flomation.app/automate/api/internal/http/runner.go:191.52,193.14 2 0
flomation.app/automate/api/internal/http/runner.go:193.14,196.3 2 0
flomation.app/automate/api/internal/http/runner.go:198.2,199.16 2 0
flomation.app/automate/api/internal/http/runner.go:199.16,205.3 3 0
flomation.app/automate/api/internal/http/runner.go:207.2,207.14 1 0
flomation.app/automate/api/internal/http/runner.go:207.14,213.3 3 0
flomation.app/automate/api/internal/http/runner.go:215.2,215.24 1 0
flomation.app/automate/api/internal/http/runner.go:215.24,216.58 1 0
flomation.app/automate/api/internal/http/runner.go:216.58,223.4 3 0
flomation.app/automate/api/internal/http/runner.go:226.2,226.10 1 0
flomation.app/automate/api/internal/http/runner.go:229.52,231.2 1 0
flomation.app/automate/api/internal/http/runner.go:233.46,235.17 2 0
flomation.app/automate/api/internal/http/runner.go:235.17,238.3 2 0
flomation.app/automate/api/internal/http/runner.go:240.2,242.33 2 0
flomation.app/automate/api/internal/http/runner.go:242.33,247.17 3 0
flomation.app/automate/api/internal/http/runner.go:247.17,251.4 3 0
flomation.app/automate/api/internal/http/runner.go:253.3,254.28 2 0
flomation.app/automate/api/internal/http/runner.go:254.28,256.18 2 0
flomation.app/automate/api/internal/http/runner.go:256.18,257.13 1 0
flomation.app/automate/api/internal/http/runner.go:259.4,259.31 1 0
flomation.app/automate/api/internal/http/runner.go:259.31,260.20 1 0
flomation.app/automate/api/internal/http/runner.go:260.20,263.6 2 0
flomation.app/automate/api/internal/http/runner.go:268.3,269.57 2 0
flomation.app/automate/api/internal/http/runner.go:269.57,271.18 2 0
flomation.app/automate/api/internal/http/runner.go:271.18,272.37 1 0
flomation.app/automate/api/internal/http/runner.go:272.37,273.21 1 0
flomation.app/automate/api/internal/http/runner.go:273.21,276.7 2 0
flomation.app/automate/api/internal/http/runner.go:280.8,283.17 2 0
flomation.app/automate/api/internal/http/runner.go:283.17,287.4 3 0
flomation.app/automate/api/internal/http/runner.go:288.3,288.23 1 0
flomation.app/automate/api/internal/http/runner.go:291.2,291.26 1 0
flomation.app/automate/api/internal/http/runner.go:291.26,294.3 2 0
flomation.app/automate/api/internal/http/runner.go:296.2,296.35 1 0
flomation.app/automate/api/internal/http/runner.go:299.50,302.45 2 0
flomation.app/automate/api/internal/http/runner.go:302.45,308.3 3 0
flomation.app/automate/api/internal/http/runner.go:310.2,311.16 2 0
flomation.app/automate/api/internal/http/runner.go:311.16,317.3 3 0
flomation.app/automate/api/internal/http/runner.go:319.2,319.14 1 0
flomation.app/automate/api/internal/http/runner.go:319.14,320.83 1 0
flomation.app/automate/api/internal/http/runner.go:320.83,326.4 3 0
flomation.app/automate/api/internal/http/runner.go:328.3,328.32 1 0
flomation.app/automate/api/internal/http/runner.go:328.32,330.18 2 0
flomation.app/automate/api/internal/http/runner.go:330.18,335.5 2 0
flomation.app/automate/api/internal/http/runner.go:337.4,337.21 1 0
flomation.app/automate/api/internal/http/runner.go:337.21,343.5 1 0
flomation.app/automate/api/internal/http/runner.go:346.3,347.9 2 0
flomation.app/automate/api/internal/http/runner.go:350.2,351.16 2 0
flomation.app/automate/api/internal/http/runner.go:351.16,357.3 3 0
flomation.app/automate/api/internal/http/runner.go:359.2,359.14 1 0
flomation.app/automate/api/internal/http/runner.go:359.14,362.3 2 0
flomation.app/automate/api/internal/http/runner.go:364.2,365.16 2 0
flomation.app/automate/api/internal/http/runner.go:365.16,371.3 3 0
flomation.app/automate/api/internal/http/runner.go:373.2,373.15 1 0
flomation.app/automate/api/internal/http/runner.go:373.15,376.3 2 0
flomation.app/automate/api/internal/http/runner.go:378.2,379.16 2 0
flomation.app/automate/api/internal/http/runner.go:379.16,384.3 2 0
flomation.app/automate/api/internal/http/runner.go:386.2,386.19 1 0
flomation.app/automate/api/internal/http/runner.go:386.19,392.3 1 0
flomation.app/automate/api/internal/http/runner.go:394.2,395.16 2 0
flomation.app/automate/api/internal/http/runner.go:395.16,402.3 3 0
flomation.app/automate/api/internal/http/runner.go:404.2,404.31 1 0
flomation.app/automate/api/internal/http/runner.go:407.60,411.16 3 0
flomation.app/automate/api/internal/http/runner.go:411.16,417.3 3 0
flomation.app/automate/api/internal/http/runner.go:419.2,419.19 1 0
flomation.app/automate/api/internal/http/runner.go:419.19,425.3 3 0
flomation.app/automate/api/internal/http/runner.go:427.2,427.87 1 0
flomation.app/automate/api/internal/http/runner.go:427.87,433.3 3 0
flomation.app/automate/api/internal/http/runner.go:435.2,435.20 1 0
flomation.app/automate/api/internal/http/runner.go:435.20,438.3 2 0
flomation.app/automate/api/internal/http/runner.go:440.2,441.16 2 0
flomation.app/automate/api/internal/http/runner.go:441.16,447.3 3 0
flomation.app/automate/api/internal/http/runner.go:449.2,449.22 1 0
flomation.app/automate/api/internal/http/runner.go:449.22,452.3 2 0
flomation.app/automate/api/internal/http/runner.go:454.2,455.16 2 0
flomation.app/automate/api/internal/http/runner.go:455.16,461.3 3 0
flomation.app/automate/api/internal/http/runner.go:463.2,464.16 2 0
flomation.app/automate/api/internal/http/runner.go:464.16,470.3 3 0
flomation.app/automate/api/internal/http/runner.go:472.2,472.16 1 0
flomation.app/automate/api/internal/http/runner.go:472.16,473.22 1 0
flomation.app/automate/api/internal/http/runner.go:473.22,476.71 2 0
flomation.app/automate/api/internal/http/runner.go:476.71,482.5 3 0
flomation.app/automate/api/internal/http/runner.go:484.4,484.23 1 0
flomation.app/automate/api/internal/http/runner.go:488.2,488.87 1 0
flomation.app/automate/api/internal/http/runner.go:488.87,494.3 3 0
flomation.app/automate/api/internal/http/runner.go:496.2,496.87 1 0
flomation.app/automate/api/internal/http/runner.go:496.87,502.3 3 0
flomation.app/automate/api/internal/http/runner.go:504.2,510.27 2 0
flomation.app/automate/api/internal/http/service.go:32.37,39.35 6 0
flomation.app/automate/api/internal/http/service.go:39.35,42.3 2 0
flomation.app/automate/api/internal/http/service.go:44.2,44.10 1 0
flomation.app/automate/api/internal/http/service.go:47.37,51.2 2 0
flomation.app/automate/api/internal/http/service.go:53.49,56.27 3 0
flomation.app/automate/api/internal/http/service.go:56.27,59.3 2 0
flomation.app/automate/api/internal/http/service.go:61.2,61.49 1 0
flomation.app/automate/api/internal/http/service.go:61.49,64.3 2 0
flomation.app/automate/api/internal/http/service.go:66.2,67.16 2 0
flomation.app/automate/api/internal/http/service.go:67.16,74.3 3 0
flomation.app/automate/api/internal/http/service.go:76.2,80.26 4 0
flomation.app/automate/api/internal/http/service.go:80.26,82.3 1 0
flomation.app/automate/api/internal/http/service.go:84.2,84.10 1 0
flomation.app/automate/api/internal/http/service.go:89.56,91.17 2 0
flomation.app/automate/api/internal/http/service.go:91.17,94.3 2 0
flomation.app/automate/api/internal/http/service.go:96.2,97.16 2 0
flomation.app/automate/api/internal/http/service.go:97.16,100.3 2 0
flomation.app/automate/api/internal/http/service.go:102.2,104.10 3 0
flomation.app/automate/api/internal/http/service.go:107.83,109.16 2 0
flomation.app/automate/api/internal/http/service.go:109.16,114.3 2 0
flomation.app/automate/api/internal/http/service.go:116.2,129.47 3 0
flomation.app/automate/api/internal/http/service.go:129.47,135.3 1 0
flomation.app/automate/api/internal/http/service.go:137.2,253.10 87 0
flomation.app/automate/api/internal/http/service.go:256.34,258.2 1 0
flomation.app/automate/api/internal/http/service.go:260.63,262.13 2 0
flomation.app/automate/api/internal/http/service.go:262.13,264.3 1 0
flomation.app/automate/api/internal/http/service.go:266.2,267.15 2 0
flomation.app/automate/api/internal/http/service.go:270.64,272.13 2 0
flomation.app/automate/api/internal/http/service.go:272.13,275.3 2 0
flomation.app/automate/api/internal/http/service.go:277.2,278.16 2 0
flomation.app/automate/api/internal/http/service.go:278.16,283.3 2 0
flomation.app/automate/api/internal/http/service.go:285.2,285.14 1 0
flomation.app/automate/api/internal/http/service.go:285.14,290.17 2 0
flomation.app/automate/api/internal/http/service.go:290.17,295.4 2 0
flomation.app/automate/api/internal/http/service.go:297.3,298.17 2 0
flomation.app/automate/api/internal/http/service.go:298.17,303.4 2 0
flomation.app/automate/api/internal/http/service.go:306.2,307.12 2 0
flomation.app/automate/api/internal/http/service.go:307.12,311.3 1 0
flomation.app/automate/api/internal/http/service.go:313.2,313.10 1 0
flomation.app/automate/api/internal/http/service.go:320.79,321.33 1 0
flomation.app/automate/api/internal/http/service.go:321.33,324.3 1 0
flomation.app/automate/api/internal/http/service.go:326.2,326.29 1 0
flomation.app/automate/api/internal/http/trigger.go:13.47,15.17 2 0
flomation.app/automate/api/internal/http/trigger.go:15.17,18.3 2 0
flomation.app/automate/api/internal/http/trigger.go:20.2,21.16 2 0
flomation.app/automate/api/internal/http/trigger.go:21.16,27.3 3 0
flomation.app/automate/api/internal/http/trigger.go:29.2,29.24 1 0
flomation.app/automate/api/internal/http/trigger.go:29.24,32.3 2 0
flomation.app/automate/api/internal/http/trigger.go:34.2,34.33 1 0
flomation.app/automate/api/internal/http/trigger.go:37.50,41.16 3 0
flomation.app/automate/api/internal/http/trigger.go:41.16,47.3 3 0
flomation.app/automate/api/internal/http/trigger.go:49.2,49.20 1 0
flomation.app/automate/api/internal/http/trigger.go:49.20,52.3 2 0
flomation.app/automate/api/internal/http/trigger.go:54.2,54.32 1 0
flomation.app/automate/api/internal/http/trigger.go:57.49,59.45 2 0
flomation.app/automate/api/internal/http/trigger.go:59.45,65.3 3 0
flomation.app/automate/api/internal/http/trigger.go:67.2,68.17 2 0
flomation.app/automate/api/internal/http/trigger.go:68.17,71.3 2 0
flomation.app/automate/api/internal/http/trigger.go:73.2,75.33 2 0
flomation.app/automate/api/internal/http/trigger.go:75.33,77.3 1 0
flomation.app/automate/api/internal/http/trigger.go:79.2,79.28 1 0
flomation.app/automate/api/internal/http/trigger.go:79.28,81.3 1 0
flomation.app/automate/api/internal/http/trigger.go:83.2,84.16 2 0
flomation.app/automate/api/internal/http/trigger.go:84.16,90.3 3 0
flomation.app/automate/api/internal/http/trigger.go:93.2,96.16 3 0
flomation.app/automate/api/internal/http/trigger.go:96.16,102.3 3 0
flomation.app/automate/api/internal/http/trigger.go:104.2,104.37 1 0
flomation.app/automate/api/internal/http/trigger.go:107.49,111.16 3 0
flomation.app/automate/api/internal/http/trigger.go:111.16,117.3 3 0
flomation.app/automate/api/internal/http/trigger.go:119.2,119.21 1 0
flomation.app/automate/api/internal/http/trigger.go:119.21,122.3 2 0
flomation.app/automate/api/internal/http/trigger.go:124.2,125.45 2 0
flomation.app/automate/api/internal/http/trigger.go:125.45,131.3 3 0
flomation.app/automate/api/internal/http/trigger.go:133.2,135.61 2 0
flomation.app/automate/api/internal/http/trigger.go:135.61,141.3 3 0
flomation.app/automate/api/internal/http/trigger.go:144.2,147.16 3 0
flomation.app/automate/api/internal/http/trigger.go:147.16,153.3 3 0
flomation.app/automate/api/internal/http/trigger.go:155.2,155.32 1 0
flomation.app/automate/api/internal/http/trigger.go:158.49,162.16 3 0
flomation.app/automate/api/internal/http/trigger.go:162.16,168.3 3 0
flomation.app/automate/api/internal/http/trigger.go:170.2,170.21 1 0
flomation.app/automate/api/internal/http/trigger.go:170.21,173.3 2 0
flomation.app/automate/api/internal/http/trigger.go:175.2,175.56 1 0
flomation.app/automate/api/internal/http/trigger.go:175.56,181.3 3 0
flomation.app/automate/api/internal/http/trigger.go:184.2,184.75 1 0
flomation.app/automate/api/internal/http/trigger.go:184.75,189.3 1 0
flomation.app/automate/api/internal/http/trigger.go:191.2,191.25 1 0
flomation.app/automate/api/internal/http/trigger.go:196.59,200.34 3 0
flomation.app/automate/api/internal/http/trigger.go:200.34,203.3 2 0
flomation.app/automate/api/internal/http/trigger.go:205.2,205.26 1 0
flomation.app/automate/api/internal/http/trigger.go:205.26,208.3 2 0
flomation.app/automate/api/internal/http/trigger.go:210.2,211.58 2 0
flomation.app/automate/api/internal/http/trigger.go:211.58,215.3 2 0
flomation.app/automate/api/internal/http/trigger.go:217.2,218.30 2 0
flomation.app/automate/api/internal/http/trigger.go:218.30,221.3 2 0
flomation.app/automate/api/internal/http/trigger.go:223.2,226.45 2 0
flomation.app/automate/api/internal/http/trigger.go:226.45,229.3 2 0
flomation.app/automate/api/internal/http/trigger.go:231.2,232.38 2 0
flomation.app/automate/api/internal/http/trigger.go:232.38,233.74 1 0
flomation.app/automate/api/internal/http/trigger.go:233.74,237.32 4 0
flomation.app/automate/api/internal/http/trigger.go:237.32,239.5 1 0
flomation.app/automate/api/internal/http/trigger.go:240.9,240.42 1 0
flomation.app/automate/api/internal/http/trigger.go:240.42,243.33 3 0
flomation.app/automate/api/internal/http/trigger.go:243.33,245.5 1 0
flomation.app/automate/api/internal/http/trigger.go:249.2,249.33 1 0
flomation.app/automate/api/internal/http/trigger.go:252.59,255.62 3 0
flomation.app/automate/api/internal/http/trigger.go:255.62,257.3 1 0
flomation.app/automate/api/internal/http/trigger.go:258.2,258.11 1 0
flomation.app/automate/api/internal/http/trigger.go:261.95,263.25 2 0
flomation.app/automate/api/internal/http/trigger.go:263.25,266.17 3 0
flomation.app/automate/api/internal/http/trigger.go:266.17,272.4 2 0
flomation.app/automate/api/internal/http/trigger.go:275.2,276.26 2 0
flomation.app/automate/api/internal/http/trigger.go:276.26,278.3 1 0
flomation.app/automate/api/internal/http/trigger.go:280.2,280.101 1 0
flomation.app/automate/api/internal/http/trigger.go:280.101,285.3 1 0
flomation.app/automate/api/internal/http/user.go:11.43,14.14 2 0
flomation.app/automate/api/internal/http/user.go:14.14,17.3 2 0
flomation.app/automate/api/internal/http/user.go:19.2,20.16 2 0
flomation.app/automate/api/internal/http/user.go:20.16,26.3 3 0
flomation.app/automate/api/internal/http/user.go:28.2,28.17 1 0
flomation.app/automate/api/internal/http/user.go:28.17,31.3 2 0
flomation.app/automate/api/internal/http/user.go:33.2,34.16 2 0
flomation.app/automate/api/internal/http/user.go:34.16,36.17 2 0
flomation.app/automate/api/internal/http/user.go:36.17,40.4 1 0
flomation.app/automate/api/internal/http/user.go:40.9,40.22 1 0
flomation.app/automate/api/internal/http/user.go:40.22,43.52 2 0
flomation.app/automate/api/internal/http/user.go:43.52,45.5 1 0
flomation.app/automate/api/internal/http/user.go:49.2,49.29 1 0
flomation.app/automate/api/internal/http/user.go:52.47,56.16 3 0
flomation.app/automate/api/internal/http/user.go:56.16,62.3 3 0
flomation.app/automate/api/internal/http/user.go:64.2,64.17 1 0
flomation.app/automate/api/internal/http/user.go:64.17,67.3 2 0
flomation.app/automate/api/internal/http/user.go:69.2,69.29 1 0
flomation.app/automate/api/internal/http/user.go:72.46,74.2 1 0
flomation.app/automate/api/internal/http/user.go:76.46,78.14 2 0
flomation.app/automate/api/internal/http/user.go:78.14,81.3 2 0
flomation.app/automate/api/internal/http/user.go:83.2,84.49 2 0
flomation.app/automate/api/internal/http/user.go:84.49,90.3 3 0
flomation.app/automate/api/internal/http/user.go:92.2,94.63 2 0
flomation.app/automate/api/internal/http/user.go:94.63,100.3 3 0
flomation.app/automate/api/internal/http/user.go:102.2,103.16 2 0
flomation.app/automate/api/internal/http/user.go:103.16,104.78 1 0
flomation.app/automate/api/internal/http/user.go:104.78,108.4 1 0
flomation.app/automate/api/internal/http/user.go:111.2,111.36 1 0
flomation.app/automate/api/internal/version/version.go:13.23,15.19 2 1
flomation.app/automate/api/internal/version/version.go:15.19,17.3 1 1
flomation.app/automate/api/internal/version/version.go:18.2,18.13 1 1
flomation.app/automate/api/cmd/main.go:12.13,22.16 4 0
flomation.app/automate/api/cmd/main.go:22.16,27.3 2 0
flomation.app/automate/api/cmd/main.go:29.2,30.56 2 0
flomation.app/automate/api/cmd/main.go:30.56,35.3 2 0
flomation.app/automate/api/cmd/main.go:37.2,38.16 2 0
flomation.app/automate/api/cmd/main.go:38.16,42.3 1 0
flomation.app/automate/api/cmd/main.go:44.2,46.33 2 0
flomation.app/automate/api/internal/actions/service.go:29.60,37.16 2 0
flomation.app/automate/api/internal/actions/service.go:37.16,39.3 1 0
flomation.app/automate/api/internal/actions/service.go:41.2,47.8 3 0
flomation.app/automate/api/internal/actions/service.go:50.96,52.16 2 0
flomation.app/automate/api/internal/actions/service.go:52.16,54.3 1 0
flomation.app/automate/api/internal/actions/service.go:56.2,57.16 2 0
flomation.app/automate/api/internal/actions/service.go:57.16,58.37 1 0
flomation.app/automate/api/internal/actions/service.go:58.37,60.4 1 0
flomation.app/automate/api/internal/actions/service.go:62.3,62.18 1 0
flomation.app/automate/api/internal/actions/service.go:65.2,66.60 2 0
flomation.app/automate/api/internal/actions/service.go:66.60,68.3 1 0
flomation.app/automate/api/internal/actions/service.go:70.2,70.42 1 0
flomation.app/automate/api/internal/actions/service.go:73.115,75.16 2 0
flomation.app/automate/api/internal/actions/service.go:75.16,77.3 1 0
flomation.app/automate/api/internal/actions/service.go:79.2,82.36 3 0
flomation.app/automate/api/internal/actions/service.go:82.36,84.44 2 0
flomation.app/automate/api/internal/actions/service.go:84.44,86.31 2 0
flomation.app/automate/api/internal/actions/service.go:86.31,88.5 1 0
flomation.app/automate/api/internal/actions/service.go:89.9,91.4 1 0
flomation.app/automate/api/internal/actions/service.go:94.2,94.29 1 0
flomation.app/automate/api/internal/actions/service.go:94.29,95.43 1 0
flomation.app/automate/api/internal/actions/service.go:95.43,100.4 1 0
flomation.app/automate/api/internal/actions/service.go:103.2,103.29 1 0
flomation.app/automate/api/internal/actions/service.go:103.29,104.43 1 0
flomation.app/automate/api/internal/actions/service.go:104.43,109.4 1 0
flomation.app/automate/api/internal/actions/service.go:112.2,112.17 1 0
flomation.app/automate/api/internal/actions/service.go:115.76,137.16 2 0
flomation.app/automate/api/internal/actions/service.go:137.16,139.3 1 0
flomation.app/automate/api/internal/actions/service.go:141.2,142.58 2 0
flomation.app/automate/api/internal/actions/service.go:142.58,144.3 1 0
flomation.app/automate/api/internal/actions/service.go:146.2,146.21 1 0
flomation.app/automate/api/internal/actions/service.go:149.68,151.16 2 0
flomation.app/automate/api/internal/actions/service.go:151.16,153.3 1 0
flomation.app/automate/api/internal/actions/service.go:155.2,158.16 3 0
flomation.app/automate/api/internal/actions/service.go:158.16,160.3 1 0
flomation.app/automate/api/internal/actions/service.go:162.2,199.16 5 0
flomation.app/automate/api/internal/actions/service.go:199.16,201.3 1 0
flomation.app/automate/api/internal/actions/service.go:203.2,204.16 2 0
flomation.app/automate/api/internal/actions/service.go:204.16,206.3 1 0
flomation.app/automate/api/internal/actions/service.go:208.2,208.12 1 0
flomation.app/automate/api/internal/actions/service.go:211.68,213.16 2 0
flomation.app/automate/api/internal/actions/service.go:213.16,215.3 1 0
flomation.app/automate/api/internal/actions/service.go:217.2,220.16 3 0
flomation.app/automate/api/internal/actions/service.go:220.16,222.3 1 0
flomation.app/automate/api/internal/actions/service.go:224.2,247.16 5 0
flomation.app/automate/api/internal/actions/service.go:247.16,249.3 1 0
flomation.app/automate/api/internal/actions/service.go:251.2,252.16 2 0
flomation.app/automate/api/internal/actions/service.go:252.16,254.3 1 0
flomation.app/automate/api/internal/actions/service.go:256.2,256.12 1 0
flomation.app/automate/api/internal/actions/service.go:259.69,260.28 1 0
flomation.app/automate/api/internal/actions/service.go:260.28,261.17 1 0
flomation.app/automate/api/internal/actions/service.go:261.17,263.4 1 0
flomation.app/automate/api/internal/actions/service.go:265.2,265.14 1 0
flomation.app/automate/api/internal/actions/service.go:268.81,269.28 1 0
flomation.app/automate/api/internal/actions/service.go:269.28,270.17 1 0
flomation.app/automate/api/internal/actions/service.go:270.17,272.4 1 0
flomation.app/automate/api/internal/actions/service.go:275.2,275.12 1 0
flomation.app/automate/api/internal/connector/identity/connector.go:28.53,32.2 1 0
flomation.app/automate/api/internal/connector/identity/connector.go:34.64,41.16 4 0
flomation.app/automate/api/internal/connector/identity/connector.go:41.16,43.3 1 0
flomation.app/automate/api/internal/connector/identity/connector.go:45.2,48.16 3 0
flomation.app/automate/api/internal/connector/identity/connector.go:48.16,50.3 1 0
flomation.app/automate/api/internal/connector/identity/connector.go:52.2,52.60 1 0
flomation.app/automate/api/internal/connector/identity/connector.go:52.60,54.3 1 0
flomation.app/automate/api/internal/connector/identity/connector.go:56.2,56.26 1 0
flomation.app/automate/api/internal/connector/identity/connector.go:56.26,58.3 1 0
flomation.app/automate/api/internal/connector/identity/connector.go:60.2,60.15 1 0
flomation.app/automate/api/internal/connector/identity/connector.go:60.15,62.3 1 0
flomation.app/automate/api/internal/connector/identity/connector.go:64.2,65.16 2 0
flomation.app/automate/api/internal/connector/identity/connector.go:65.16,67.3 1 0
flomation.app/automate/api/internal/connector/identity/connector.go:69.2,70.52 2 0
flomation.app/automate/api/internal/connector/identity/connector.go:70.52,72.3 1 0
flomation.app/automate/api/internal/connector/identity/connector.go:74.2,74.22 1 0
flomation.app/automate/api/internal/connector/identity/connector.go:77.79,87.16 4 0
flomation.app/automate/api/internal/connector/identity/connector.go:87.16,89.3 1 0
flomation.app/automate/api/internal/connector/identity/connector.go:91.2,92.16 2 0
flomation.app/automate/api/internal/connector/identity/connector.go:92.16,94.3 1 0
flomation.app/automate/api/internal/connector/identity/connector.go:96.2,100.16 4 0
flomation.app/automate/api/internal/connector/identity/connector.go:100.16,102.3 1 0
flomation.app/automate/api/internal/connector/identity/connector.go:104.2,104.15 1 0
flomation.app/automate/api/internal/connector/identity/connector.go:104.15,105.27 1 0
[...]
flomation.app/automate/api/internal/persistence/service.go:2824.87,2830.17 2 0
flomation.app/automate/api/internal/persistence/service.go:2830.17,2831.27 1 0
flomation.app/automate/api/internal/persistence/service.go:2831.27,2833.4 1 0
flomation.app/automate/api/internal/persistence/service.go:2835.3,2835.18 1 0
flomation.app/automate/api/internal/persistence/service.go:2838.2,2838.25 1 0
flomation.app/automate/api/internal/persistence/service.go:2841.55,2844.70 2 0
flomation.app/automate/api/internal/persistence/service.go:2844.70,2846.3 1 0
flomation.app/automate/api/internal/persistence/service.go:2848.2,2848.21 1 0
flomation.app/automate/api/internal/persistence/service.go:2851.55,2854.70 2 0
flomation.app/automate/api/internal/persistence/service.go:2854.70,2856.3 1 0
flomation.app/automate/api/internal/persistence/service.go:2858.2,2858.21 1 0
flomation.app/automate/api/internal/persistence/service.go:2861.65,2868.17 2 0
flomation.app/automate/api/internal/persistence/service.go:2868.17,2869.27 1 0
flomation.app/automate/api/internal/persistence/service.go:2869.27,2871.4 1 0
flomation.app/automate/api/internal/persistence/service.go:2872.3,2872.18 1 0
flomation.app/automate/api/internal/persistence/service.go:2875.2,2875.21 1 0
flomation.app/automate/api/internal/persistence/service.go:2878.81,2885.17 2 0
flomation.app/automate/api/internal/persistence/service.go:2885.17,2886.27 1 0
flomation.app/automate/api/internal/persistence/service.go:2886.27,2888.4 1 0
flomation.app/automate/api/internal/persistence/service.go:2889.3,2889.18 1 0
flomation.app/automate/api/internal/persistence/service.go:2892.2,2892.21 1 0
flomation.app/automate/api/internal/persistence/service.go:2895.67,2897.64 2 0
flomation.app/automate/api/internal/persistence/service.go:2897.64,2899.3 1 0
flomation.app/automate/api/internal/persistence/service.go:2901.2,2906.17 2 0
flomation.app/automate/api/internal/persistence/service.go:2906.17,2907.27 1 0
flomation.app/automate/api/internal/persistence/service.go:2907.27,2909.4 1 0
flomation.app/automate/api/internal/persistence/service.go:2910.3,2910.18 1 0
flomation.app/automate/api/internal/persistence/service.go:2913.2,2919.17 1 0
flomation.app/automate/api/internal/persistence/service.go:2919.17,2921.3 1 0
flomation.app/automate/api/internal/persistence/service.go:2923.2,2923.21 1 0
flomation.app/automate/api/internal/persistence/service.go:2926.71,2933.17 2 0
flomation.app/automate/api/internal/persistence/service.go:2933.17,2934.27 1 0
flomation.app/automate/api/internal/persistence/service.go:2934.27,2936.4 1 0
flomation.app/automate/api/internal/persistence/service.go:2937.3,2937.18 1 0
flomation.app/automate/api/internal/persistence/service.go:2940.2,2940.21 1 0
flomation.app/automate/api/internal/persistence/service.go:2943.78,2945.16 2 0
flomation.app/automate/api/internal/persistence/service.go:2945.16,2947.3 1 0
flomation.app/automate/api/internal/persistence/service.go:2949.2,2954.17 2 0
flomation.app/automate/api/internal/persistence/service.go:2954.17,2955.27 1 0
flomation.app/automate/api/internal/persistence/service.go:2955.27,2957.4 1 0
flomation.app/automate/api/internal/persistence/service.go:2960.2,2961.27 2 0
flomation.app/automate/api/internal/persistence/service.go:2961.27,2966.18 1 0
flomation.app/automate/api/internal/persistence/service.go:2966.18,2967.28 1 0
flomation.app/automate/api/internal/persistence/service.go:2967.28,2969.5 1 0
flomation.app/automate/api/internal/persistence/service.go:2970.4,2970.19 1 0
flomation.app/automate/api/internal/persistence/service.go:2972.8,2973.99 1 0
flomation.app/automate/api/internal/persistence/service.go:2973.99,2974.28 1 0
flomation.app/automate/api/internal/persistence/service.go:2974.28,2976.5 1 0
flomation.app/automate/api/internal/persistence/service.go:2977.4,2977.19 1 0
flomation.app/automate/api/internal/persistence/service.go:2982.2,2983.16 2 0
flomation.app/automate/api/internal/persistence/service.go:2983.16,2985.3 1 0
flomation.app/automate/api/internal/persistence/service.go:2987.2,2987.38 1 0
flomation.app/automate/api/internal/persistence/service.go:2987.38,2992.7 3 0
flomation.app/automate/api/internal/persistence/service.go:2992.7,2997.66 2 0
flomation.app/automate/api/internal/persistence/service.go:2997.66,2999.10 2 0
flomation.app/automate/api/internal/persistence/service.go:3003.4,3004.51 2 0
flomation.app/automate/api/internal/persistence/service.go:3004.51,3005.10 1 0
flomation.app/automate/api/internal/persistence/service.go:3007.4,3007.25 1 0
flomation.app/automate/api/internal/persistence/service.go:3010.3,3010.15 1 0
flomation.app/automate/api/internal/persistence/service.go:3010.15,3013.4 1 0
flomation.app/automate/api/internal/persistence/service.go:3016.2,3016.24 1 0
flomation.app/automate/api/internal/persistence/service.go:3019.78,3026.17 1 0
flomation.app/automate/api/internal/persistence/service.go:3026.17,3028.3 1 0
flomation.app/automate/api/internal/persistence/service.go:3030.2,3030.12 1 0
flomation.app/automate/api/internal/persistence/service.go:3033.79,3040.17 2 0
flomation.app/automate/api/internal/persistence/service.go:3040.17,3041.27 1 0
flomation.app/automate/api/internal/persistence/service.go:3041.27,3043.4 1 0
flomation.app/automate/api/internal/persistence/service.go:3044.3,3044.18 1 0
flomation.app/automate/api/internal/persistence/service.go:3047.2,3047.20 1 0
flomation.app/automate/api/internal/persistence/service.go:3050.90,3054.49 2 0
flomation.app/automate/api/internal/persistence/service.go:3054.49,3056.3 1 0
flomation.app/automate/api/internal/persistence/service.go:3057.2,3057.21 1 0
flomation.app/automate/api/internal/persistence/service.go:3060.63,3064.25 2 0
flomation.app/automate/api/internal/persistence/service.go:3064.25,3065.27 1 0
flomation.app/automate/api/internal/persistence/service.go:3065.27,3067.4 1 0
flomation.app/automate/api/internal/persistence/service.go:3068.3,3068.18 1 0
flomation.app/automate/api/internal/persistence/service.go:3070.2,3070.20 1 0
flomation.app/automate/api/internal/persistence/service.go:3073.102,3079.81 2 0
flomation.app/automate/api/internal/persistence/service.go:3079.81,3081.3 1 0
flomation.app/automate/api/internal/persistence/service.go:3082.2,3082.17 1 0
flomation.app/automate/api/internal/persistence/service.go:3085.71,3091.2 2 0
flomation.app/automate/api/internal/persistence/service.go:3093.74,3097.35 2 0
flomation.app/automate/api/internal/persistence/service.go:3097.35,3099.3 1 0
flomation.app/automate/api/internal/persistence/service.go:3100.2,3100.21 1 0
flomation.app/automate/api/internal/persistence/service.go:3103.75,3109.2 2 0
flomation.app/automate/api/internal/persistence/service.go:3111.80,3117.2 2 0
flomation.app/automate/api/internal/persistence/service.go:3119.83,3127.17 2 0
flomation.app/automate/api/internal/persistence/service.go:3127.17,3129.3 1 0
flomation.app/automate/api/internal/persistence/service.go:3131.2,3131.17 1 0
flomation.app/automate/api/internal/persistence/service.go:3134.103,3137.52 2 0
flomation.app/automate/api/internal/persistence/service.go:3137.52,3143.17 2 0
flomation.app/automate/api/internal/persistence/service.go:3143.17,3145.4 1 0
flomation.app/automate/api/internal/persistence/service.go:3146.8,3152.17 2 0
flomation.app/automate/api/internal/persistence/service.go:3152.17,3154.4 1 0
flomation.app/automate/api/internal/persistence/service.go:3157.2,3157.21 1 0
flomation.app/automate/api/internal/persistence/service.go:3160.81,3169.16 3 0
flomation.app/automate/api/internal/persistence/service.go:3169.16,3170.27 1 0
flomation.app/automate/api/internal/persistence/service.go:3170.27,3172.4 1 0
flomation.app/automate/api/internal/persistence/service.go:3173.3,3173.18 1 0
flomation.app/automate/api/internal/persistence/service.go:3175.2,3175.21 1 0
flomation.app/automate/api/internal/persistence/service.go:3178.115,3192.16 3 0
flomation.app/automate/api/internal/persistence/service.go:3192.16,3193.27 1 0
flomation.app/automate/api/internal/persistence/service.go:3193.27,3195.4 1 0
flomation.app/automate/api/internal/persistence/service.go:3197.3,3197.18 1 0
flomation.app/automate/api/internal/persistence/service.go:3200.2,3200.21 1 0
flomation.app/automate/api/internal/persistence/service.go:3203.119,3217.16 3 0
flomation.app/automate/api/internal/persistence/service.go:3217.16,3218.27 1 0
flomation.app/automate/api/internal/persistence/service.go:3218.27,3220.4 1 0
flomation.app/automate/api/internal/persistence/service.go:3222.3,3222.18 1 0
flomation.app/automate/api/internal/persistence/service.go:3225.2,3225.21 1 0
flomation.app/automate/api/internal/persistence/service.go:3228.83,3238.16 3 0
flomation.app/automate/api/internal/persistence/service.go:3238.16,3239.27 1 0
flomation.app/automate/api/internal/persistence/service.go:3239.27,3241.4 1 0
flomation.app/automate/api/internal/persistence/service.go:3243.3,3243.18 1 0
flomation.app/automate/api/internal/persistence/service.go:3246.2,3246.21 1 0
flomation.app/automate/api/internal/persistence/service.go:3249.58,3257.2 2 0
flomation.app/automate/api/internal/persistence/service.go:3259.125,3268.17 2 0
flomation.app/automate/api/internal/persistence/service.go:3268.17,3270.3 1 0
flomation.app/automate/api/internal/persistence/service.go:3272.2,3272.21 1 0
flomation.app/automate/api/internal/persistence/service.go:3275.136,3288.17 2 0
flomation.app/automate/api/internal/persistence/service.go:3288.17,3289.27 1 0
flomation.app/automate/api/internal/persistence/service.go:3289.27,3291.4 1 0
flomation.app/automate/api/internal/persistence/service.go:3292.3,3292.18 1 0
flomation.app/automate/api/internal/persistence/service.go:3295.2,3295.22 1 0
flomation.app/automate/api/internal/persistence/service.go:3298.140,3311.17 2 0
flomation.app/automate/api/internal/persistence/service.go:3311.17,3312.27 1 0
flomation.app/automate/api/internal/persistence/service.go:3312.27,3314.4 1 0
flomation.app/automate/api/internal/persistence/service.go:3315.3,3315.18 1 0
flomation.app/automate/api/internal/persistence/service.go:3318.2,3318.22 1 0
flomation.app/automate/api/internal/persistence/service.go:3321.141,3334.72 4 0
flomation.app/automate/api/internal/persistence/service.go:3334.72,3335.27 1 0
flomation.app/automate/api/internal/persistence/service.go:3335.27,3337.4 1 0
flomation.app/automate/api/internal/persistence/service.go:3338.3,3338.18 1 0
flomation.app/automate/api/internal/persistence/service.go:3341.2,3341.17 1 0
flomation.app/automate/api/internal/persistence/service.go:3344.130,3355.71 2 0
flomation.app/automate/api/internal/persistence/service.go:3355.71,3357.3 1 0
flomation.app/automate/api/internal/persistence/service.go:3359.2,3359.12 1 0
flomation.app/automate/api/internal/persistence/service.go:3362.70,3369.71 2 0
flomation.app/automate/api/internal/persistence/service.go:3369.71,3371.3 1 0
flomation.app/automate/api/internal/persistence/service.go:3373.2,3373.12 1 0
flomation.app/automate/api/internal/persistence/service.go:3376.120,3385.17 2 0
flomation.app/automate/api/internal/persistence/service.go:3385.17,3387.3 1 0
flomation.app/automate/api/internal/persistence/service.go:3389.2,3389.21 1 0
flomation.app/automate/api/internal/persistence/service.go:3392.132,3405.17 2 0
flomation.app/automate/api/internal/persistence/service.go:3405.17,3406.27 1 0
flomation.app/automate/api/internal/persistence/service.go:3406.27,3408.4 1 0
flomation.app/automate/api/internal/persistence/service.go:3409.3,3409.18 1 0
flomation.app/automate/api/internal/persistence/service.go:3412.2,3412.22 1 0
flomation.app/automate/api/internal/persistence/service.go:3415.136,3428.17 2 0
flomation.app/automate/api/internal/persistence/service.go:3428.17,3429.27 1 0
flomation.app/automate/api/internal/persistence/service.go:3429.27,3431.4 1 0
flomation.app/automate/api/internal/persistence/service.go:3432.3,3432.18 1 0
flomation.app/automate/api/internal/persistence/service.go:3435.2,3435.22 1 0
flomation.app/automate/api/internal/persistence/service.go:3438.141,3451.70 4 0
flomation.app/automate/api/internal/persistence/service.go:3451.70,3452.27 1 0
flomation.app/automate/api/internal/persistence/service.go:3452.27,3454.4 1 0
flomation.app/automate/api/internal/persistence/service.go:3455.3,3455.18 1 0
flomation.app/automate/api/internal/persistence/service.go:3458.2,3458.17 1 0
flomation.app/automate/api/internal/persistence/service.go:3461.125,3474.2 2 0
flomation.app/automate/api/internal/persistence/service.go:3476.66,3483.69 2 0
flomation.app/automate/api/internal/persistence/service.go:3483.69,3485.3 1 0
flomation.app/automate/api/internal/persistence/service.go:3487.2,3487.12 1 0
flomation.app/automate/api/internal/persistence/service.go:3490.71,3497.17 2 0
flomation.app/automate/api/internal/persistence/service.go:3497.17,3499.3 1 0
flomation.app/automate/api/internal/persistence/service.go:3501.2,3501.21 1 0
flomation.app/automate/api/internal/persistence/service.go:3504.67,3511.17 2 0
flomation.app/automate/api/internal/persistence/service.go:3511.17,3512.36 1 0
flomation.app/automate/api/internal/persistence/service.go:3512.36,3514.4 1 0
flomation.app/automate/api/internal/persistence/service.go:3515.3,3515.18 1 0
flomation.app/automate/api/internal/persistence/service.go:3518.2,3518.21 1 0
flomation.app/automate/api/internal/persistence/service.go:3521.79,3525.16 3 0
flomation.app/automate/api/internal/persistence/service.go:3525.16,3527.3 1 0
flomation.app/automate/api/internal/persistence/service.go:3529.2,3529.25 1 0
flomation.app/automate/api/internal/persistence/service.go:3529.25,3531.3 1 0
flomation.app/automate/api/internal/persistence/service.go:3533.2,3545.17 1 0
flomation.app/automate/api/internal/persistence/service.go:3545.17,3547.3 1 0
flomation.app/automate/api/internal/persistence/service.go:3549.2,3549.17 1 0
flomation.app/automate/api/internal/persistence/service.go:3552.76,3558.17 2 0
flomation.app/automate/api/internal/persistence/service.go:3558.17,3560.3 1 0
flomation.app/automate/api/internal/persistence/service.go:3561.2,3561.22 1 0
flomation.app/automate/api/internal/persistence/service.go:3564.74,3573.2 2 0
flomation.app/automate/api/internal/persistence/service.go:3575.60,3577.16 2 0
flomation.app/automate/api/internal/persistence/service.go:3577.16,3579.3 1 0
flomation.app/automate/api/internal/persistence/service.go:3581.2,3581.25 1 0
flomation.app/automate/api/internal/persistence/service.go:3581.25,3583.3 1 0
flomation.app/automate/api/internal/persistence/service.go:3585.2,3595.17 1 0
flomation.app/automate/api/internal/persistence/service.go:3595.17,3597.3 1 0
flomation.app/automate/api/internal/persistence/service.go:3599.2,3599.12 1 0
flomation.app/automate/api/internal/persistence/service.go:3602.50,3607.17 1 0
flomation.app/automate/api/internal/persistence/service.go:3607.17,3609.3 1 0
flomation.app/automate/api/internal/persistence/service.go:3611.2,3615.17 1 0
flomation.app/automate/api/internal/persistence/service.go:3615.17,3617.3 1 0
flomation.app/automate/api/internal/persistence/service.go:3619.2,3619.12 1 0
flomation.app/automate/api/internal/persistence/service.go:3622.96,3626.52 3 0
flomation.app/automate/api/internal/persistence/service.go:3626.52,3632.3 1 0
flomation.app/automate/api/internal/persistence/service.go:3632.8,3638.3 1 0
flomation.app/automate/api/internal/persistence/service.go:3640.2,3640.16 1 0
flomation.app/automate/api/internal/persistence/service.go:3640.16,3641.27 1 0
flomation.app/automate/api/internal/persistence/service.go:3641.27,3643.4 1 0
flomation.app/automate/api/internal/persistence/service.go:3644.3,3644.18 1 0
flomation.app/automate/api/internal/persistence/service.go:3647.2,3647.21 1 0
flomation.app/automate/api/internal/persistence/service.go:3652.81,3659.17 2 0
flomation.app/automate/api/internal/persistence/service.go:3659.17,3661.3 1 0
flomation.app/automate/api/internal/persistence/service.go:3664.2,3664.28 1 0
flomation.app/automate/api/internal/persistence/service.go:3664.28,3666.17 2 0
flomation.app/automate/api/internal/persistence/service.go:3666.17,3668.4 1 0
flomation.app/automate/api/internal/persistence/service.go:3669.3,3669.24 1 0
flomation.app/automate/api/internal/persistence/service.go:3672.2,3672.21 1 0
flomation.app/automate/api/internal/persistence/service.go:3675.68,3682.17 2 0
flomation.app/automate/api/internal/persistence/service.go:3682.17,3683.27 1 0
flomation.app/automate/api/internal/persistence/service.go:3683.27,3685.4 1 0
flomation.app/automate/api/internal/persistence/service.go:3686.3,3686.18 1 0
flomation.app/automate/api/internal/persistence/service.go:3689.2,3690.16 2 0
flomation.app/automate/api/internal/persistence/service.go:3690.16,3692.3 1 0
flomation.app/automate/api/internal/persistence/service.go:3693.2,3695.21 2 0
flomation.app/automate/api/internal/persistence/service.go:3698.65,3701.58 2 0
flomation.app/automate/api/internal/persistence/service.go:3701.58,3703.3 1 0
flomation.app/automate/api/internal/persistence/service.go:3705.2,3705.17 1 0
flomation.app/automate/api/internal/persistence/service.go:3708.54,3711.2 2 0
flomation.app/automate/api/internal/persistence/service.go:3713.53,3720.2 2 0
flomation.app/automate/api/internal/persistence/service.go:3722.79,3729.17 2 0
flomation.app/automate/api/internal/persistence/service.go:3729.17,3731.3 1 0
flomation.app/automate/api/internal/persistence/service.go:3733.2,3733.21 1 0
flomation.app/automate/api/internal/persistence/service.go:3736.64,3745.2 2 0
flomation.app/automate/api/internal/persistence/service.go:3747.69,3756.2 2 0
flomation.app/automate/api/internal/persistence/service.go:3758.73,3766.16 3 0
flomation.app/automate/api/internal/persistence/service.go:3766.16,3768.3 1 0
flomation.app/automate/api/internal/persistence/service.go:3769.2,3771.18 2 0
flomation.app/automate/api/internal/persistence/service.go:3771.18,3773.42 2 0
flomation.app/automate/api/internal/persistence/service.go:3773.42,3775.4 1 0
flomation.app/automate/api/internal/persistence/service.go:3776.3,3776.34 1 0
flomation.app/automate/api/internal/persistence/service.go:3779.2,3779.21 1 0
flomation.app/automate/api/internal/persistence/service.go:3782.83,3788.17 1 0
flomation.app/automate/api/internal/persistence/service.go:3788.17,3790.3 1 0
flomation.app/automate/api/internal/persistence/service.go:3793.2,3793.35 1 0
flomation.app/automate/api/internal/persistence/service.go:3793.35,3800.18 1 0
flomation.app/automate/api/internal/persistence/service.go:3800.18,3802.4 1 0
flomation.app/automate/api/internal/persistence/service.go:3805.2,3805.12 1 0
flomation.app/automate/api/internal/persistence/service.go:3808.92,3818.16 3 0
flomation.app/automate/api/internal/persistence/service.go:3818.16,3820.3 1 0
flomation.app/automate/api/internal/persistence/service.go:3821.2,3823.18 2 0
flomation.app/automate/api/internal/persistence/service.go:3823.18,3825.42 2 0
flomation.app/automate/api/internal/persistence/service.go:3825.42,3827.4 1 0
flomation.app/automate/api/internal/persistence/service.go:3828.3,3828.34 1 0
flomation.app/automate/api/internal/persistence/service.go:3831.2,3831.21 1 0
flomation.app/automate/api/internal/persistence/service.go:3834.83,3842.16 3 0
flomation.app/automate/api/internal/persistence/service.go:3842.16,3844.3 1 0
flomation.app/automate/api/internal/persistence/service.go:3845.2,3847.18 2 0
flomation.app/automate/api/internal/persistence/service.go:3847.18,3849.40 2 0
flomation.app/automate/api/internal/persistence/service.go:3849.40,3851.4 1 0
flomation.app/automate/api/internal/persistence/service.go:3852.3,3852.32 1 0
flomation.app/automate/api/internal/persistence/service.go:3855.2,3855.21 1 0
flomation.app/automate/api/internal/persistence/service.go:3858.84,3867.17 2 0
flomation.app/automate/api/internal/persistence/service.go:3867.17,3869.3 1 0
flomation.app/automate/api/internal/persistence/service.go:3871.2,3871.19 1 0
